<?xml version="1.0" encoding="utf-8"?>
<test-run id="2" testcasecount="273" result="Passed" total="273" passed="273" failed="0" inconclusive="0" skipped="0" asserts="0" engine-version="3.5.0.0" clr-version="4.0.30319.42000" start-time="2026-09-24 13:02:49Z" end-time="2026-09-24 13:02:50Z" duration="0.9528195">
  <test-suite type="TestSuite" id="1000" name="TowerLike3D" fullname="TowerLike3D" runstate="Runnable" testcasecount="1167" result="Passed" start-time="2026-09-24 13:02:49Z" end-time="2026-09-24 13:02:50Z" duration="0.952820" total="273" passed="273" failed="0" inconclusive="0" skipped="0" asserts="0">
    <properties>
      <property name="platform" value="EditMode" />
    </properties>
    <test-suite type="Assembly" id="2382" name="HealerLike.Tests.EditMode.dll" fullname="/Users/fc/Documents/HealerLike-UIToolkit-20260924-130543/Library/ScriptAssemblies/HealerLike.Tests.EditMode.dll" runstate="Runnable" testcasecount="273" result="Passed" start-time="2026-09-24 13:02:49Z" end-time="2026-09-24 13:02:50Z" duration="0.921909" total="273" passed="273" failed="0" inconclusive="0" skipped="0" asserts="0">
      <properties>
        <property name="_PID" value="75504" />
        <property name="_APPDOMAIN" value="Unity Child Domain" />
        <property name="platform" value="EditMode" />
        <property name="EditorOnly" value="True" />
      </properties>
      <test-suite type="TestSuite" id="2397" name="Attributes" fullname="Attributes" runstate="Runnable" testcasecount="81" result="Passed" start-time="2026-09-24 13:02:37Z" end-time="2026-09-24 13:02:37Z" duration="0.044031" total="81" passed="81" failed="0" inconclusive="0" skipped="0" asserts="0">
        <properties />
        <test-suite type="TestFixture" id="2294" name="AttributeTests" fullname="Attributes.AttributeTests" classname="Attributes.AttributeTests" runstate="Runnable" testcasecount="27" result="Passed" start-time="2026-09-24 13:02:37Z" end-time="2026-09-24 13:02:37Z" duration="0.022351" total="27" passed="27" failed="0" inconclusive="0" skipped="0" asserts="0">
          <properties />
          <test-case id="2316" name="BaseValue_ChangedAfterConstruction_IsReflectedOnNextUpdate" fullname="Attributes.AttributeTests.BaseValue_ChangedAfterConstruction_IsReflectedOnNextUpdate" methodname="BaseValue_ChangedAfterConstruction_IsReflectedOnNextUpdate" classname="Attributes.AttributeTests" runstate="Runnable" seed="423337419" result="Passed" start-time="2026-09-24 13:02:37Z" end-time="2026-09-24 13:02:37Z" duration="0.008705" asserts="0">
            <properties />
          </test-case>
          <test-case id="2312" name="GetModifiers_MultipleModifiersSameType_ReturnsAllOfThem" fullname="Attributes.AttributeTests.GetModifiers_MultipleModifiersSameType_ReturnsAllOfThem" methodname="GetModifiers_MultipleModifiersSameType_ReturnsAllOfThem" classname="Attributes.AttributeTests" runstate="Runnable" seed="2056754175" result="Passed" start-time="2026-09-24 13:02:37Z" end-time="2026-09-24 13:02:37Z" duration="0.000657" asserts="0">
            <properties />
          </test-case>
          <test-case id="2310" name="GetModifiers_NoModifiersAdded_ReturnsEmptyList" fullname="Attributes.AttributeTests.GetModifiers_NoModifiersAdded_ReturnsEmptyList" methodname="GetModifiers_NoModifiersAdded_ReturnsEmptyList" classname="Attributes.AttributeTests" runstate="Runnable" seed="1531916573" result="Passed" start-time="2026-09-24 13:02:37Z" end-time="2026-09-24 13:02:37Z" duration="0.000252" asserts="0">
            <properties />
          </test-case>
          <test-case id="2311" name="GetModifiers_ReturnsOnlyModifiersOfThatType" fullname="Attributes.AttributeTests.GetModifiers_ReturnsOnlyModifiersOfThatType" methodname="GetModifiers_ReturnsOnlyModifiersOfThatType" classname="Attributes.AttributeTests" runstate="Runnable" seed="199951515" result="Passed" start-time="2026-09-24 13:02:37Z" end-time="2026-09-24 13:02:37Z" duration="0.000226" asserts="0">
            <properties />
          </test-case>
          <test-case id="2304" name="OnValueChanged_ListenerReceivesTheSameAttributeInstance" fullname="Attributes.AttributeTests.OnValueChanged_ListenerReceivesTheSameAttributeInstance" methodname="OnValueChanged_ListenerReceivesTheSameAttributeInstance" classname="Attributes.AttributeTests" runstate="Runnable" seed="1379272436" result="Passed" start-time="2026-09-24 13:02:37Z" end-time="2026-09-24 13:02:37Z" duration="0.000196" asserts="0">
            <properties />
          </test-case>
          <test-case id="2306" name="OnValueChanged_MultipleChanges_InvokedOncePerActualChange" fullname="Attributes.AttributeTests.OnValueChanged_MultipleChanges_InvokedOncePerActualChange" methodname="OnValueChanged_MultipleChanges_InvokedOncePerActualChange" classname="Attributes.AttributeTests" runstate="Runnable" seed="1219364068" result="Passed" start-time="2026-09-24 13:02:37Z" end-time="2026-09-24 13:02:37Z" duration="0.000147" asserts="0">
            <properties />
          </test-case>
          <test-case id="2307" name="OnValueChanged_MultipleListeners_AllAreInvoked" fullname="Attributes.AttributeTests.OnValueChanged_MultipleListeners_AllAreInvoked" methodname="OnValueChanged_MultipleListeners_AllAreInvoked" classname="Attributes.AttributeTests" runstate="Runnable" seed="745793660" result="Passed" start-time="2026-09-24 13:02:37Z" end-time="2026-09-24 13:02:37Z" duration="0.000186" asserts="0">
            <properties />
          </test-case>
          <test-case id="2303" name="OnValueChanged_ValueActuallyChanges_ListenerIsInvoked" fullname="Attributes.AttributeTests.OnValueChanged_ValueActuallyChanges_ListenerIsInvoked" methodname="OnValueChanged_ValueActuallyChanges_ListenerIsInvoked" classname="Attributes.AttributeTests" runstate="Runnable" seed="64698796" result="Passed" start-time="2026-09-24 13:02:37Z" end-time="2026-09-24 13:02:37Z" duration="0.000116" asserts="0">
            <properties />
          </test-case>
          <test-case id="2305" name="OnValueChanged_ValueUnchanged_ListenerIsNotInvoked" fullname="Attributes.AttributeTests.OnValueChanged_ValueUnchanged_ListenerIsNotInvoked" methodname="OnValueChanged_ValueUnchanged_ListenerIsNotInvoked" classname="Attributes.AttributeTests" runstate="Runnable" seed="972026990" result="Passed" start-time="2026-09-24 13:02:37Z" end-time="2026-09-24 13:02:37Z" duration="0.000064" asserts="0">
            <properties />
          </test-case>
          <test-case id="2315" name="RemoveModifier_WithoutType_RemovesFromWhicheverTypeItWasAddedTo" fullname="Attributes.AttributeTests.RemoveModifier_WithoutType_RemovesFromWhicheverTypeItWasAddedTo" methodname="RemoveModifier_WithoutType_RemovesFromWhicheverTypeItWasAddedTo" classname="Attributes.AttributeTests" runstate="Runnable" seed="2109383440" result="Passed" start-time="2026-09-24 13:02:37Z" end-time="2026-09-24 13:02:37Z" duration="0.000194" asserts="0">
            <properties />
          </test-case>
          <test-case id="2314" name="RemoveModifier_WithType_DoesNotAffectOtherTypes" fullname="Attributes.AttributeTests.RemoveModifier_WithType_DoesNotAffectOtherTypes" methodname="RemoveModifier_WithType_DoesNotAffectOtherTypes" classname="Attributes.AttributeTests" runstate="Runnable" seed="1519951314" result="Passed" start-time="2026-09-24 13:02:37Z" end-time="2026-09-24 13:02:37Z" duration="0.000105" asserts="0">
            <properties />
          </test-case>
          <test-case id="2313" name="RemoveModifier_WithType_RemovesOnlyThatModifierInstance" fullname="Attributes.AttributeTests.RemoveModifier_WithType_RemovesOnlyThatModifierInstance" methodname="RemoveModifier_WithType_RemovesOnlyThatModifierInstance" classname="Attributes.AttributeTests" runstate="Runnable" seed="920496419" result="Passed" start-time="2026-09-24 13:02:37Z" end-time="2026-09-24 13:02:37Z" duration="0.000105" asserts="0">
            <properties />
          </test-case>
          <test-case id="2321" name="RemoveModifiersBySource_OnlyAffectsTheGivenSource" fullname="Attributes.AttributeTests.RemoveModifiersBySource_OnlyAffectsTheGivenSource" methodname="RemoveModifiersBySource_OnlyAffectsTheGivenSource" classname="Attributes.AttributeTests" runstate="Runnable" seed="1450748224" result="Passed" start-time="2026-09-24 13:02:37Z" end-time="2026-09-24 13:02:37Z" duration="0.000200" asserts="0">
            <properties />
          </test-case>
          <test-case id="2302" name="RemoveModifiersBySource_RemovesAllTypesFromThatSource" fullname="Attributes.AttributeTests.RemoveModifiersBySource_RemovesAllTypesFromThatSource" methodname="RemoveModifiersBySource_RemovesAllTypesFromThatSource" classname="Attributes.AttributeTests" runstate="Runnable" seed="1221194644" result="Passed" start-time="2026-09-24 13:02:37Z" end-time="2026-09-24 13:02:37Z" duration="0.000084" asserts="0">
            <properties />
          </test-case>
          <test-case id="2320" name="RemoveModifiersBySource_WithoutType_RemovesFromEveryType" fullname="Attributes.AttributeTests.RemoveModifiersBySource_WithoutType_RemovesFromEveryType" methodname="RemoveModifiersBySource_WithoutType_RemovesFromEveryType" classname="Attributes.AttributeTests" runstate="Runnable" seed="1710721556" result="Passed" start-time="2026-09-24 13:02:37Z" end-time="2026-09-24 13:02:37Z" duration="0.000139" asserts="0">
            <properties />
          </test-case>
          <test-case id="2319" name="RemoveModifiersBySource_WithType_OnlyRemovesFromThatType" fullname="Attributes.AttributeTests.RemoveModifiersBySource_WithType_OnlyRemovesFromThatType" methodname="RemoveModifiersBySource_WithType_OnlyRemovesFromThatType" classname="Attributes.AttributeTests" runstate="Runnable" seed="1152556781" result="Passed" start-time="2026-09-24 13:02:37Z" end-time="2026-09-24 13:02:37Z" duration="0.000135" asserts="0">
            <properties />
          </test-case>
          <test-case id="2309" name="RemoveOnValueChangedListener_OnlyRemovesTheGivenListener" fullname="Attributes.AttributeTests.RemoveOnValueChangedListener_OnlyRemovesTheGivenListener" methodname="RemoveOnValueChangedListener_OnlyRemovesTheGivenListener" classname="Attributes.AttributeTests" runstate="Runnable" seed="16594194" result="Passed" start-time="2026-09-24 13:02:37Z" end-time="2026-09-24 13:02:37Z" duration="0.000206" asserts="0">
            <properties />
          </test-case>
          <test-case id="2308" name="RemoveOnValueChangedListener_StopsReceivingFutureNotifications" fullname="Attributes.AttributeTests.RemoveOnValueChangedListener_StopsReceivingFutureNotifications" methodname="RemoveOnValueChangedListener_StopsReceivingFutureNotifications" classname="Attributes.AttributeTests" runstate="Runnable" seed="2116613852" result="Passed" start-time="2026-09-24 13:02:37Z" end-time="2026-09-24 13:02:37Z" duration="0.000131" asserts="0">
            <properties />
          </test-case>
          <test-case id="2298" name="Value_AddAndMultiplyModifiers_AddIsAppliedBeforeMultiply" fullname="Attributes.AttributeTests.Value_AddAndMultiplyModifiers_AddIsAppliedBeforeMultiply" methodname="Value_AddAndMultiplyModifiers_AddIsAppliedBeforeMultiply" classname="Attributes.AttributeTests" runstate="Runnable" seed="195115455" result="Passed" start-time="2026-09-24 13:02:37Z" end-time="2026-09-24 13:02:37Z" duration="0.000089" asserts="0">
            <properties />
          </test-case>
          <test-case id="2301" name="Value_ClampedToZero_NeverNegative" fullname="Attributes.AttributeTests.Value_ClampedToZero_NeverNegative" methodname="Value_ClampedToZero_NeverNegative" classname="Attributes.AttributeTests" runstate="Runnable" seed="1130938891" result="Passed" start-time="2026-09-24 13:02:37Z" end-time="2026-09-24 13:02:37Z" duration="0.000086" asserts="0">
            <properties />
          </test-case>
          <test-case id="2317" name="Value_MultipleMultiplyModifiers_StackAdditivelyBeforeMultiplying" fullname="Attributes.AttributeTests.Value_MultipleMultiplyModifiers_StackAdditivelyBeforeMultiplying" methodname="Value_MultipleMultiplyModifiers_StackAdditivelyBeforeMultiplying" classname="Attributes.AttributeTests" runstate="Runnable" seed="29566654" result="Passed" start-time="2026-09-24 13:02:37Z" end-time="2026-09-24 13:02:37Z" duration="0.000101" asserts="0">
            <properties />
          </test-case>
          <test-case id="2295" name="Value_NoModifiers_EqualsBaseValue" fullname="Attributes.AttributeTests.Value_NoModifiers_EqualsBaseValue" methodname="Value_NoModifiers_EqualsBaseValue" classname="Attributes.AttributeTests" runstate="Runnable" seed="478808978" result="Passed" start-time="2026-09-24 13:02:37Z" end-time="2026-09-24 13:02:37Z" duration="0.000059" asserts="0">
            <properties />
          </test-case>
          <test-case id="2299" name="Value_OverrideModifier_IgnoresBaseAndOtherModifiers" fullname="Attributes.AttributeTests.Value_OverrideModifier_IgnoresBaseAndOtherModifiers" methodname="Value_OverrideModifier_IgnoresBaseAndOtherModifiers" classname="Attributes.AttributeTests" runstate="Runnable" seed="1487780170" result="Passed" start-time="2026-09-24 13:02:37Z" end-time="2026-09-24 13:02:37Z" duration="0.000095" asserts="0">
            <properties />
          </test-case>
          <test-case id="2318" name="Value_OverrideModifier_IgnoresMultiplyModifiers" fullname="Attributes.AttributeTests.Value_OverrideModifier_IgnoresMultiplyModifiers" methodname="Value_OverrideModifier_IgnoresMultiplyModifiers" classname="Attributes.AttributeTests" runstate="Runnable" seed="1059898068" result="Passed" start-time="2026-09-24 13:02:37Z" end-time="2026-09-24 13:02:37Z" duration="0.000090" asserts="0">
            <properties />
          </test-case>
          <test-case id="2300" name="Value_OverrideModifier_LastOneWinsWhenMultipleOverridesExist" fullname="Attributes.AttributeTests.Value_OverrideModifier_LastOneWinsWhenMultipleOverridesExist" methodname="Value_OverrideModifier_LastOneWinsWhenMultipleOverridesExist" classname="Attributes.AttributeTests" runstate="Runnable" seed="948651496" result="Passed" start-time="2026-09-24 13:02:37Z" end-time="2026-09-24 13:02:37Z" duration="0.000077" asserts="0">
            <properties />
          </test-case>
          <test-case id="2296" name="Value_WithAddModifier_AddsToBase" fullname="Attributes.AttributeTests.Value_WithAddModifier_AddsToBase" methodname="Value_WithAddModifier_AddsToBase" classname="Attributes.AttributeTests" runstate="Runnable" seed="756308437" result="Passed" start-time="2026-09-24 13:02:37Z" end-time="2026-09-24 13:02:37Z" duration="0.000144" asserts="0">
            <properties />
          </test-case>
          <test-case id="2297" name="Value_WithMultiplyModifier_IsAppliedAsPercentIncrease" fullname="Attributes.AttributeTests.Value_WithMultiplyModifier_IsAppliedAsPercentIncrease" methodname="Value_WithMultiplyModifier_IsAppliedAsPercentIncrease" classname="Attributes.AttributeTests" runstate="Runnable" seed="2049654983" result="Passed" start-time="2026-09-24 13:02:37Z" end-time="2026-09-24 13:02:37Z" duration="0.000137" asserts="0">
            <properties />
          </test-case>
        </test-suite>
        <test-suite type="TestSuite" id="2398" name="Modifiers" fullname="Attributes.Modifiers" runstate="Runnable" testcasecount="33" result="Passed" start-time="2026-09-24 13:02:37Z" end-time="2026-09-24 13:02:37Z" duration="0.013400" total="33" passed="33" failed="0" inconclusive="0" skipped="0" asserts="0">
          <properties />
          <test-suite type="TestFixture" id="2344" name="FlatModifierTests" fullname="Attributes.Modifiers.FlatModifierTests" classname="Attributes.Modifiers.FlatModifierTests" runstate="Runnable" testcasecount="8" result="Passed" start-time="2026-09-24 13:02:37Z" end-time="2026-09-24 13:02:37Z" duration="0.001954" total="8" passed="8" failed="0" inconclusive="0" skipped="0" asserts="0">
            <properties />
            <test-case id="2345" name="ApplyModifier_AfterInit_ReturnsDataValue" fullname="Attributes.Modifiers.FlatModifierTests.ApplyModifier_AfterInit_ReturnsDataValue" methodname="ApplyModifier_AfterInit_ReturnsDataValue" classname="Attributes.Modifiers.FlatModifierTests" runstate="Runnable" seed="22543681" result="Passed" start-time="2026-09-24 13:02:37Z" end-time="2026-09-24 13:02:37Z" duration="0.000166" asserts="0">
              <properties />
            </test-case>
            <test-case id="2346" name="Stack_AddType_AccumulatesDataValue" fullname="Attributes.Modifiers.FlatModifierTests.Stack_AddType_AccumulatesDataValue" methodname="Stack_AddType_AccumulatesDataValue" classname="Attributes.Modifiers.FlatModifierTests" runstate="Runnable" seed="1365362111" result="Passed" start-time="2026-09-24 13:02:37Z" end-time="2026-09-24 13:02:37Z" duration="0.000110" asserts="0">
              <properties />
            </test-case>
            <test-case id="2348" name="Stack_MultiplyType_AccumulatesLogarithmically" fullname="Attributes.Modifiers.FlatModifierTests.Stack_MultiplyType_AccumulatesLogarithmically" methodname="Stack_MultiplyType_AccumulatesLogarithmically" classname="Attributes.Modifiers.FlatModifierTests" runstate="Runnable" seed="477227173" result="Passed" start-time="2026-09-24 13:02:37Z" end-time="2026-09-24 13:02:37Z" duration="0.000539" asserts="0">
              <properties />
            </test-case>
            <test-case id="2352" name="Stack_OverrideType_DoesNotChangeAppliedValue" fullname="Attributes.Modifiers.FlatModifierTests.Stack_OverrideType_DoesNotChangeAppliedValue" methodname="Stack_OverrideType_DoesNotChangeAppliedValue" classname="Attributes.Modifiers.FlatModifierTests" runstate="Runnable" seed="1249001309" result="Passed" start-time="2026-09-24 13:02:37Z" end-time="2026-09-24 13:02:37Z" duration="0.000051" asserts="0">
              <properties />
            </test-case>
            <test-case id="2350" name="StackThenUnstack_MultipleCycles_AddType_ReturnsToOriginalValue" fullname="Attributes.Modifiers.FlatModifierTests.StackThenUnstack_MultipleCycles_AddType_ReturnsToOriginalValue" methodname="StackThenUnstack_MultipleCycles_AddType_ReturnsToOriginalValue" classname="Attributes.Modifiers.FlatModifierTests" runstate="Runnable" seed="955954379" result="Passed" start-time="2026-09-24 13:02:37Z" end-time="2026-09-24 13:02:37Z" duration="0.000085" asserts="0">
              <properties />
            </test-case>
            <test-case id="2351" name="StackThenUnstack_MultipleCycles_MultiplyType_ReturnsToOriginalValue" fullname="Attributes.Modifiers.FlatModifierTests.StackThenUnstack_MultipleCycles_MultiplyType_ReturnsToOriginalValue" methodname="StackThenUnstack_MultipleCycles_MultiplyType_ReturnsToOriginalValue" classname="Attributes.Modifiers.FlatModifierTests" runstate="Runnable" seed="1452631146" result="Passed" start-time="2026-09-24 13:02:37Z" end-time="2026-09-24 13:02:37Z" duration="0.000047" asserts="0">
              <properties />
            </test-case>
            <test-case id="2347" name="Unstack_AddType_ReversesStack" fullname="Attributes.Modifiers.FlatModifierTests.Unstack_AddType_ReversesStack" methodname="Unstack_AddType_ReversesStack" classname="Attributes.Modifiers.FlatModifierTests" runstate="Runnable" seed="107288880" result="Passed" start-time="2026-09-24 13:02:37Z" end-time="2026-09-24 13:02:37Z" duration="0.000046" asserts="0">
              <properties />
            </test-case>
            <test-case id="2349" name="Unstack_MultiplyType_ReversesStack" fullname="Attributes.Modifiers.FlatModifierTests.Unstack_MultiplyType_ReversesStack" methodname="Unstack_MultiplyType_ReversesStack" classname="Attributes.Modifiers.FlatModifierTests" runstate="Runnable" seed="1165775576" result="Passed" start-time="2026-09-24 13:02:37Z" end-time="2026-09-24 13:02:37Z" duration="0.000041" asserts="0">
              <properties />
            </test-case>
          </test-suite>
          <test-suite type="TestFixture" id="2353" name="HPBasedModifierTests" fullname="Attributes.Modifiers.HPBasedModifierTests" classname="Attributes.Modifiers.HPBasedModifierTests" runstate="Runnable" testcasecount="5" result="Passed" start-time="2026-09-24 13:02:37Z" end-time="2026-09-24 13:02:37Z" duration="0.005778" total="5" passed="5" failed="0" inconclusive="0" skipped="0" asserts="0">
            <properties />
            <test-case id="2358" name="ApplyModifier_AboveThreshold_ClampsToNoBonus" fullname="Attributes.Modifiers.HPBasedModifierTests.ApplyModifier_AboveThreshold_ClampsToNoBonus" methodname="ApplyModifier_AboveThreshold_ClampsToNoBonus" classname="Attributes.Modifiers.HPBasedModifierTests" runstate="Runnable" seed="1204424390" result="Passed" start-time="2026-09-24 13:02:37Z" end-time="2026-09-24 13:02:37Z" duration="0.004198" asserts="0">
              <properties />
            </test-case>
            <test-case id="2354" name="ApplyModifier_AtFullHealth_ReturnsNoBonus" fullname="Attributes.Modifiers.HPBasedModifierTests.ApplyModifier_AtFullHealth_ReturnsNoBonus" methodname="ApplyModifier_AtFullHealth_ReturnsNoBonus" classname="Attributes.Modifiers.HPBasedModifierTests" runstate="Runnable" seed="380016095" result="Passed" start-time="2026-09-24 13:02:37Z" end-time="2026-09-24 13:02:37Z" duration="0.000213" asserts="0">
              <properties />
            </test-case>
            <test-case id="2357" name="ApplyModifier_AtThreshold_ReturnsNoBonus" fullname="Attributes.Modifiers.HPBasedModifierTests.ApplyModifier_AtThreshold_ReturnsNoBonus" methodname="ApplyModifier_AtThreshold_ReturnsNoBonus" classname="Attributes.Modifiers.HPBasedModifierTests" runstate="Runnable" seed="1789724185" result="Passed" start-time="2026-09-24 13:02:37Z" end-time="2026-09-24 13:02:37Z" duration="0.000169" asserts="0">
              <properties />
            </test-case>
            <test-case id="2355" name="ApplyModifier_AtZeroHealth_ReturnsFullFactorBonus" fullname="Attributes.Modifiers.HPBasedModifierTests.ApplyModifier_AtZeroHealth_ReturnsFullFactorBonus" methodname="ApplyModifier_AtZeroHealth_ReturnsFullFactorBonus" classname="Attributes.Modifiers.HPBasedModifierTests" runstate="Runnable" seed="768685289" result="Passed" start-time="2026-09-24 13:02:37Z" end-time="2026-09-24 13:02:37Z" duration="0.000155" asserts="0">
              <properties />
            </test-case>
            <test-case id="2356" name="ApplyModifier_HalfwayBetweenThresholdAndZero_ReturnsHalfFactorBonus" fullname="Attributes.Modifiers.HPBasedModifierTests.ApplyModifier_HalfwayBetweenThresholdAndZero_ReturnsHalfFactorBonus" methodname="ApplyModifier_HalfwayBetweenThresholdAndZero_ReturnsHalfFactorBonus" classname="Attributes.Modifiers.HPBasedModifierTests" runstate="Runnable" seed="1826106696" result="Passed" start-time="2026-09-24 13:02:37Z" end-time="2026-09-24 13:02:37Z" duration="0.000153" asserts="0">
              <properties />
            </test-case>
          </test-suite>
          <test-suite type="TestFixture" id="2359" name="SlowModifierTests" fullname="Attributes.Modifiers.SlowModifierTests" classname="Attributes.Modifiers.SlowModifierTests" runstate="Runnable" testcasecount="9" result="Passed" start-time="2026-09-24 13:02:37Z" end-time="2026-09-24 13:02:37Z" duration="0.002389" total="9" passed="9" failed="0" inconclusive="0" skipped="0" asserts="0">
            <properties />
            <test-case id="2364" name="ApplyModifier_HalfwayThroughDuration_ReturnsHalfValue" fullname="Attributes.Modifiers.SlowModifierTests.ApplyModifier_HalfwayThroughDuration_ReturnsHalfValue" methodname="ApplyModifier_HalfwayThroughDuration_ReturnsHalfValue" classname="Attributes.Modifiers.SlowModifierTests" runstate="Runnable" seed="223777882" result="Passed" start-time="2026-09-24 13:02:37Z" end-time="2026-09-24 13:02:37Z" duration="0.000178" asserts="0">
              <properties />
            </test-case>
            <test-case id="2363" name="ApplyModifier_NoTimeElapsed_ReturnsFullValue" fullname="Attributes.Modifiers.SlowModifierTests.ApplyModifier_NoTimeElapsed_ReturnsFullValue" methodname="ApplyModifier_NoTimeElapsed_ReturnsFullValue" classname="Attributes.Modifiers.SlowModifierTests" runstate="Runnable" seed="1933913223" result="Passed" start-time="2026-09-24 13:02:37Z" end-time="2026-09-24 13:02:37Z" duration="0.000041" asserts="0">
              <properties />
            </test-case>
            <test-case id="2365" name="ApplyModifier_PastDuration_ReturnsZero" fullname="Attributes.Modifiers.SlowModifierTests.ApplyModifier_PastDuration_ReturnsZero" methodname="ApplyModifier_PastDuration_ReturnsZero" classname="Attributes.Modifiers.SlowModifierTests" runstate="Runnable" seed="1236805930" result="Passed" start-time="2026-09-24 13:02:37Z" end-time="2026-09-24 13:02:37Z" duration="0.000043" asserts="0">
              <properties />
            </test-case>
            <test-case id="2362" name="AttributeModifierBuff_Add_PassesItsHandlerToTheModifier" fullname="Attributes.Modifiers.SlowModifierTests.AttributeModifierBuff_Add_PassesItsHandlerToTheModifier" methodname="AttributeModifierBuff_Add_PassesItsHandlerToTheModifier" classname="Attributes.Modifiers.SlowModifierTests" runstate="Runnable" seed="1754932976" result="Passed" start-time="2026-09-24 13:02:37Z" end-time="2026-09-24 13:02:37Z" duration="0.000782" asserts="0">
              <properties />
            </test-case>
            <test-case id="2361" name="Init_HandlerWithoutDuration_DefaultsToOneSecond" fullname="Attributes.Modifiers.SlowModifierTests.Init_HandlerWithoutDuration_DefaultsToOneSecond" methodname="Init_HandlerWithoutDuration_DefaultsToOneSecond" classname="Attributes.Modifiers.SlowModifierTests" runstate="Runnable" seed="1260219286" result="Passed" start-time="2026-09-24 13:02:37Z" end-time="2026-09-24 13:02:37Z" duration="0.000087" asserts="0">
              <properties />
            </test-case>
            <test-case id="2360" name="Init_UsesTheHandlerDuration" fullname="Attributes.Modifiers.SlowModifierTests.Init_UsesTheHandlerDuration" methodname="Init_UsesTheHandlerDuration" classname="Attributes.Modifiers.SlowModifierTests" runstate="Runnable" seed="331350120" result="Passed" start-time="2026-09-24 13:02:37Z" end-time="2026-09-24 13:02:37Z" duration="0.000070" asserts="0">
              <properties />
            </test-case>
            <test-case id="2366" name="Stack_IncreasesStackFactorAndResetsDecay" fullname="Attributes.Modifiers.SlowModifierTests.Stack_IncreasesStackFactorAndResetsDecay" methodname="Stack_IncreasesStackFactorAndResetsDecay" classname="Attributes.Modifiers.SlowModifierTests" runstate="Runnable" seed="1184343998" result="Passed" start-time="2026-09-24 13:02:37Z" end-time="2026-09-24 13:02:37Z" duration="0.000091" asserts="0">
              <properties />
            </test-case>
            <test-case id="2368" name="StackThenUnstack_MultipleCycles_RecomputesFromCurrentStackCount" fullname="Attributes.Modifiers.SlowModifierTests.StackThenUnstack_MultipleCycles_RecomputesFromCurrentStackCount" methodname="StackThenUnstack_MultipleCycles_RecomputesFromCurrentStackCount" classname="Attributes.Modifiers.SlowModifierTests" runstate="Runnable" seed="1864760149" result="Passed" start-time="2026-09-24 13:02:37Z" end-time="2026-09-24 13:02:37Z" duration="0.000068" asserts="0">
              <properties />
            </test-case>
            <test-case id="2367" name="Unstack_DecreasesStackFactor" fullname="Attributes.Modifiers.SlowModifierTests.Unstack_DecreasesStackFactor" methodname="Unstack_DecreasesStackFactor" classname="Attributes.Modifiers.SlowModifierTests" runstate="Runnable" seed="4736501" result="Passed" start-time="2026-09-24 13:02:37Z" end-time="2026-09-24 13:02:37Z" duration="0.000047" asserts="0">
              <properties />
            </test-case>
          </test-suite>
          <test-suite type="TestFixture" id="2369" name="TimeModifierTests" fullname="Attributes.Modifiers.TimeModifierTests" classname="Attributes.Modifiers.TimeModifierTests" runstate="Runnable" testcasecount="7" result="Passed" start-time="2026-09-24 13:02:37Z" end-time="2026-09-24 13:02:37Z" duration="0.001483" total="7" passed="7" failed="0" inconclusive="0" skipped="0" asserts="0">
            <properties />
            <test-case id="2373" name="ApplyModifier_HalfwayThroughDuration_ReturnsHalfValue" fullname="Attributes.Modifiers.TimeModifierTests.ApplyModifier_HalfwayThroughDuration_ReturnsHalfValue" methodname="ApplyModifier_HalfwayThroughDuration_ReturnsHalfValue" classname="Attributes.Modifiers.TimeModifierTests" runstate="Runnable" seed="1634039236" result="Passed" start-time="2026-09-24 13:02:37Z" end-time="2026-09-24 13:02:37Z" duration="0.000176" asserts="0">
              <properties />
            </test-case>
            <test-case id="2372" name="ApplyModifier_NoTimeElapsed_ReturnsFullValue" fullname="Attributes.Modifiers.TimeModifierTests.ApplyModifier_NoTimeElapsed_ReturnsFullValue" methodname="ApplyModifier_NoTimeElapsed_ReturnsFullValue" classname="Attributes.Modifiers.TimeModifierTests" runstate="Runnable" seed="583915807" result="Passed" start-time="2026-09-24 13:02:37Z" end-time="2026-09-24 13:02:37Z" duration="0.000049" asserts="0">
              <properties />
            </test-case>
            <test-case id="2374" name="ApplyModifier_PastDuration_ReturnsZero" fullname="Attributes.Modifiers.TimeModifierTests.ApplyModifier_PastDuration_ReturnsZero" methodname="ApplyModifier_PastDuration_ReturnsZero" classname="Attributes.Modifiers.TimeModifierTests" runstate="Runnable" seed="2002782441" result="Passed" start-time="2026-09-24 13:02:37Z" end-time="2026-09-24 13:02:37Z" duration="0.000045" asserts="0">
              <properties />
            </test-case>
            <test-case id="2371" name="Init_HandlerWithoutDuration_DefaultsToOneSecond" fullname="Attributes.Modifiers.TimeModifierTests.Init_HandlerWithoutDuration_DefaultsToOneSecond" methodname="Init_HandlerWithoutDuration_DefaultsToOneSecond" classname="Attributes.Modifiers.TimeModifierTests" runstate="Runnable" seed="1459121275" result="Passed" start-time="2026-09-24 13:02:37Z" end-time="2026-09-24 13:02:37Z" duration="0.000154" asserts="0">
              <properties />
            </test-case>
            <test-case id="2370" name="Init_UsesTheHandlerDuration" fullname="Attributes.Modifiers.TimeModifierTests.Init_UsesTheHandlerDuration" methodname="Init_UsesTheHandlerDuration" classname="Attributes.Modifiers.TimeModifierTests" runstate="Runnable" seed="799459697" result="Passed" start-time="2026-09-24 13:02:37Z" end-time="2026-09-24 13:02:37Z" duration="0.000076" asserts="0">
              <properties />
            </test-case>
            <test-case id="2375" name="Stack_RefreshesDecayBackToFullValue" fullname="Attributes.Modifiers.TimeModifierTests.Stack_RefreshesDecayBackToFullValue" methodname="Stack_RefreshesDecayBackToFullValue" classname="Attributes.Modifiers.TimeModifierTests" runstate="Runnable" seed="209859308" result="Passed" start-time="2026-09-24 13:02:37Z" end-time="2026-09-24 13:02:37Z" duration="0.000064" asserts="0">
              <properties />
            </test-case>
            <test-case id="2376" name="Unstack_DoesNotChangeAppliedValue" fullname="Attributes.Modifiers.TimeModifierTests.Unstack_DoesNotChangeAppliedValue" methodname="Unstack_DoesNotChangeAppliedValue" classname="Attributes.Modifiers.TimeModifierTests" runstate="Runnable" seed="349210295" result="Passed" start-time="2026-09-24 13:02:37Z" end-time="2026-09-24 13:02:37Z" duration="0.000042" asserts="0">
              <properties />
            </test-case>
          </test-suite>
          <test-suite type="TestFixture" id="2377" name="UpgradeModifierTests" fullname="Attributes.Modifiers.UpgradeModifierTests" classname="Attributes.Modifiers.UpgradeModifierTests" runstate="Runnable" testcasecount="4" result="Passed" start-time="2026-09-24 13:02:37Z" end-time="2026-09-24 13:02:37Z" duration="0.000810" total="4" passed="4" failed="0" inconclusive="0" skipped="0" asserts="0">
            <properties />
            <test-case id="2378" name="ApplyModifier_DefaultStackCount_ReturnsDataValue" fullname="Attributes.Modifiers.UpgradeModifierTests.ApplyModifier_DefaultStackCount_ReturnsDataValue" methodname="ApplyModifier_DefaultStackCount_ReturnsDataValue" classname="Attributes.Modifiers.UpgradeModifierTests" runstate="Runnable" seed="1262230682" result="Passed" start-time="2026-09-24 13:02:37Z" end-time="2026-09-24 13:02:37Z" duration="0.000093" asserts="0">
              <properties />
            </test-case>
            <test-case id="2379" name="Stack_IncrementsAppliedValue" fullname="Attributes.Modifiers.UpgradeModifierTests.Stack_IncrementsAppliedValue" methodname="Stack_IncrementsAppliedValue" classname="Attributes.Modifiers.UpgradeModifierTests" runstate="Runnable" seed="14109073" result="Passed" start-time="2026-09-24 13:02:37Z" end-time="2026-09-24 13:02:37Z" duration="0.000048" asserts="0">
              <properties />
            </test-case>
            <test-case id="2380" name="Stack_Multiple_ScalesLinearlyWithStackCount" fullname="Attributes.Modifiers.UpgradeModifierTests.Stack_Multiple_ScalesLinearlyWithStackCount" methodname="Stack_Multiple_ScalesLinearlyWithStackCount" classname="Attributes.Modifiers.UpgradeModifierTests" runstate="Runnable" seed="1458533037" result="Passed" start-time="2026-09-24 13:02:37Z" end-time="2026-09-24 13:02:37Z" duration="0.000051" asserts="0">
              <properties />
            </test-case>
            <test-case id="2381" name="Unstack_DecrementsAppliedValue" fullname="Attributes.Modifiers.UpgradeModifierTests.Unstack_DecrementsAppliedValue" methodname="Unstack_DecrementsAppliedValue" classname="Attributes.Modifiers.UpgradeModifierTests" runstate="Runnable" seed="1393554287" result="Passed" start-time="2026-09-24 13:02:37Z" end-time="2026-09-24 13:02:37Z" duration="0.000049" asserts="0">
              <properties />
            </test-case>
          </test-suite>
        </test-suite>
        <test-suite type="TestFixture" id="2322" name="ResourceAttributeTests" fullname="Attributes.ResourceAttributeTests" classname="Attributes.ResourceAttributeTests" runstate="Runnable" testcasecount="21" result="Passed" start-time="2026-09-24 13:02:37Z" end-time="2026-09-24 13:02:37Z" duration="0.007304" total="21" passed="21" failed="0" inconclusive="0" skipped="0" asserts="0">
          <properties />
          <test-case id="2327" name="AddResourceModifier_ClampsAtMax_HealingNeverOverheals" fullname="Attributes.ResourceAttributeTests.AddResourceModifier_ClampsAtMax_HealingNeverOverheals" methodname="AddResourceModifier_ClampsAtMax_HealingNeverOverheals" classname="Attributes.ResourceAttributeTests" runstate="Runnable" seed="1498856999" result="Passed" start-time="2026-09-24 13:02:37Z" end-time="2026-09-24 13:02:37Z" duration="0.001648" asserts="0">
            <properties />
          </test-case>
          <test-case id="2326" name="AddResourceModifier_ClampsAtZero_NeverNegative" fullname="Attributes.ResourceAttributeTests.AddResourceModifier_ClampsAtZero_NeverNegative" methodname="AddResourceModifier_ClampsAtZero_NeverNegative" classname="Attributes.ResourceAttributeTests" runstate="Runnable" seed="1852304661" result="Passed" start-time="2026-09-24 13:02:37Z" end-time="2026-09-24 13:02:37Z" duration="0.000200" asserts="0">
            <properties />
          </test-case>
          <test-case id="2325" name="AddResourceModifier_DamageConsumer_ReducesValue" fullname="Attributes.ResourceAttributeTests.AddResourceModifier_DamageConsumer_ReducesValue" methodname="AddResourceModifier_DamageConsumer_ReducesValue" classname="Attributes.ResourceAttributeTests" runstate="Runnable" seed="1530187439" result="Passed" start-time="2026-09-24 13:02:37Z" end-time="2026-09-24 13:02:37Z" duration="0.000153" asserts="0">
            <properties />
          </test-case>
          <test-case id="2332" name="AddResourceModifier_HitArmor_BlocksDamageAndDecrementsBaseValue" fullname="Attributes.ResourceAttributeTests.AddResourceModifier_HitArmor_BlocksDamageAndDecrementsBaseValue" methodname="AddResourceModifier_HitArmor_BlocksDamageAndDecrementsBaseValue" classname="Attributes.ResourceAttributeTests" runstate="Runnable" seed="1838088360" result="Passed" start-time="2026-09-24 13:02:37Z" end-time="2026-09-24 13:02:37Z" duration="0.000178" asserts="0">
            <properties />
          </test-case>
          <test-case id="2333" name="AddResourceModifier_IgnoreDamageReduction_BypassesArmor" fullname="Attributes.ResourceAttributeTests.AddResourceModifier_IgnoreDamageReduction_BypassesArmor" methodname="AddResourceModifier_IgnoreDamageReduction_BypassesArmor" classname="Attributes.ResourceAttributeTests" runstate="Runnable" seed="1828558147" result="Passed" start-time="2026-09-24 13:02:37Z" end-time="2026-09-24 13:02:37Z" duration="0.000153" asserts="0">
            <properties />
          </test-case>
          <test-case id="2329" name="AddResourceModifier_NegativeFlatArmor_ClampsToZero_HasNoEffect" fullname="Attributes.ResourceAttributeTests.AddResourceModifier_NegativeFlatArmor_ClampsToZero_HasNoEffect" methodname="AddResourceModifier_NegativeFlatArmor_ClampsToZero_HasNoEffect" classname="Attributes.ResourceAttributeTests" runstate="Runnable" seed="606869711" result="Passed" start-time="2026-09-24 13:02:37Z" end-time="2026-09-24 13:02:37Z" duration="0.000157" asserts="0">
            <properties />
          </test-case>
          <test-case id="2330" name="AddResourceModifier_PercentArmor_ReducesDamageByPercentage" fullname="Attributes.ResourceAttributeTests.AddResourceModifier_PercentArmor_ReducesDamageByPercentage" methodname="AddResourceModifier_PercentArmor_ReducesDamageByPercentage" classname="Attributes.ResourceAttributeTests" runstate="Runnable" seed="1371265978" result="Passed" start-time="2026-09-24 13:02:37Z" end-time="2026-09-24 13:02:37Z" duration="0.000153" asserts="0">
            <properties />
          </test-case>
          <test-case id="2328" name="AddResourceModifier_PositiveFlatArmor_IncreasesDamageInstead_LikelyBug" fullname="Attributes.ResourceAttributeTests.AddResourceModifier_PositiveFlatArmor_IncreasesDamageInstead_LikelyBug" methodname="AddResourceModifier_PositiveFlatArmor_IncreasesDamageInstead_LikelyBug" classname="Attributes.ResourceAttributeTests" runstate="Runnable" seed="2130334001" result="Passed" start-time="2026-09-24 13:02:37Z" end-time="2026-09-24 13:02:37Z" duration="0.000144" asserts="0">
            <properties />
          </test-case>
          <test-case id="2331" name="AddResourceModifier_Vulnerability_IncreasesDamage" fullname="Attributes.ResourceAttributeTests.AddResourceModifier_Vulnerability_IncreasesDamage" methodname="AddResourceModifier_Vulnerability_IncreasesDamage" classname="Attributes.ResourceAttributeTests" runstate="Runnable" seed="587209344" result="Passed" start-time="2026-09-24 13:02:37Z" end-time="2026-09-24 13:02:37Z" duration="0.000143" asserts="0">
            <properties />
          </test-case>
          <test-case id="2341" name="CriticalHit_MultipliesDamage_WhenChanceGuaranteesIt" fullname="Attributes.ResourceAttributeTests.CriticalHit_MultipliesDamage_WhenChanceGuaranteesIt" methodname="CriticalHit_MultipliesDamage_WhenChanceGuaranteesIt" classname="Attributes.ResourceAttributeTests" runstate="Runnable" seed="1469842099" result="Passed" start-time="2026-09-24 13:02:37Z" end-time="2026-09-24 13:02:37Z" duration="0.000201" asserts="0">
            <properties />
          </test-case>
          <test-case id="2342" name="CriticalHit_NeverHappens_WhenChanceIsZeroOrBelowResist" fullname="Attributes.ResourceAttributeTests.CriticalHit_NeverHappens_WhenChanceIsZeroOrBelowResist" methodname="CriticalHit_NeverHappens_WhenChanceIsZeroOrBelowResist" classname="Attributes.ResourceAttributeTests" runstate="Runnable" seed="1986936948" result="Passed" start-time="2026-09-24 13:02:37Z" end-time="2026-09-24 13:02:37Z" duration="0.000160" asserts="0">
            <properties />
          </test-case>
          <test-case id="2323" name="Init_SetsValueToMax" fullname="Attributes.ResourceAttributeTests.Init_SetsValueToMax" methodname="Init_SetsValueToMax" classname="Attributes.ResourceAttributeTests" runstate="Runnable" seed="821188817" result="Passed" start-time="2026-09-24 13:02:37Z" end-time="2026-09-24 13:02:37Z" duration="0.000134" asserts="0">
            <properties />
          </test-case>
          <test-case id="2343" name="MaxAttributeChanged_UpdatesValueAndFiresOnValueChanged" fullname="Attributes.ResourceAttributeTests.MaxAttributeChanged_UpdatesValueAndFiresOnValueChanged" methodname="MaxAttributeChanged_UpdatesValueAndFiresOnValueChanged" classname="Attributes.ResourceAttributeTests" runstate="Runnable" seed="269502354" result="Passed" start-time="2026-09-24 13:02:37Z" end-time="2026-09-24 13:02:37Z" duration="0.000286" asserts="0">
            <properties />
          </test-case>
          <test-case id="2337" name="MultipleConsumersOnSameModifier_AreSummedInOneDrain" fullname="Attributes.ResourceAttributeTests.MultipleConsumersOnSameModifier_AreSummedInOneDrain" methodname="MultipleConsumersOnSameModifier_AreSummedInOneDrain" classname="Attributes.ResourceAttributeTests" runstate="Runnable" seed="1258997647" result="Passed" start-time="2026-09-24 13:02:37Z" end-time="2026-09-24 13:02:37Z" duration="0.000145" asserts="0">
            <properties />
          </test-case>
          <test-case id="2340" name="OnAllConsumerProcessed_InvokedWithComputedValue" fullname="Attributes.ResourceAttributeTests.OnAllConsumerProcessed_InvokedWithComputedValue" methodname="OnAllConsumerProcessed_InvokedWithComputedValue" classname="Attributes.ResourceAttributeTests" runstate="Runnable" seed="1092849816" result="Passed" start-time="2026-09-24 13:02:37Z" end-time="2026-09-24 13:02:37Z" duration="0.000506" asserts="0">
            <properties />
          </test-case>
          <test-case id="2338" name="OnValueChanged_InvokedWhenValueActuallyChanges" fullname="Attributes.ResourceAttributeTests.OnValueChanged_InvokedWhenValueActuallyChanges" methodname="OnValueChanged_InvokedWhenValueActuallyChanges" classname="Attributes.ResourceAttributeTests" runstate="Runnable" seed="1860477426" result="Passed" start-time="2026-09-24 13:02:37Z" end-time="2026-09-24 13:02:37Z" duration="0.000189" asserts="0">
            <properties />
          </test-case>
          <test-case id="2339" name="OnValueChanged_NotInvokedWhenNothingChanges" fullname="Attributes.ResourceAttributeTests.OnValueChanged_NotInvokedWhenNothingChanges" methodname="OnValueChanged_NotInvokedWhenNothingChanges" classname="Attributes.ResourceAttributeTests" runstate="Runnable" seed="818980802" result="Passed" start-time="2026-09-24 13:02:37Z" end-time="2026-09-24 13:02:37Z" duration="0.000156" asserts="0">
            <properties />
          </test-case>
          <test-case id="2324" name="Percent_ReturnsValueOverMax" fullname="Attributes.ResourceAttributeTests.Percent_ReturnsValueOverMax" methodname="Percent_ReturnsValueOverMax" classname="Attributes.ResourceAttributeTests" runstate="Runnable" seed="1776453298" result="Passed" start-time="2026-09-24 13:02:37Z" end-time="2026-09-24 13:02:37Z" duration="0.000148" asserts="0">
            <properties />
          </test-case>
          <test-case id="2334" name="PreventConsumers_BlocksConsumersThatDoNotIgnoreIt" fullname="Attributes.ResourceAttributeTests.PreventConsumers_BlocksConsumersThatDoNotIgnoreIt" methodname="PreventConsumers_BlocksConsumersThatDoNotIgnoreIt" classname="Attributes.ResourceAttributeTests" runstate="Runnable" seed="1297274184" result="Passed" start-time="2026-09-24 13:02:37Z" end-time="2026-09-24 13:02:37Z" duration="0.000168" asserts="0">
            <properties />
          </test-case>
          <test-case id="2335" name="PreventConsumers_DoesNotBlockConsumersThatIgnoreIt" fullname="Attributes.ResourceAttributeTests.PreventConsumers_DoesNotBlockConsumersThatIgnoreIt" methodname="PreventConsumers_DoesNotBlockConsumersThatIgnoreIt" classname="Attributes.ResourceAttributeTests" runstate="Runnable" seed="1706010717" result="Passed" start-time="2026-09-24 13:02:37Z" end-time="2026-09-24 13:02:37Z" duration="0.000144" asserts="0">
            <properties />
          </test-case>
          <test-case id="2336" name="PreventConsumers_FalseAfterMatchingDisable" fullname="Attributes.ResourceAttributeTests.PreventConsumers_FalseAfterMatchingDisable" methodname="PreventConsumers_FalseAfterMatchingDisable" classname="Attributes.ResourceAttributeTests" runstate="Runnable" seed="544229353" result="Passed" start-time="2026-09-24 13:02:37Z" end-time="2026-09-24 13:02:37Z" duration="0.000140" asserts="0">
            <properties />
          </test-case>
        </test-suite>
      </test-suite>
      <test-suite type="TestSuite" id="2396" name="Buff" fullname="Buff" runstate="Runnable" testcasecount="46" result="Passed" start-time="2026-09-24 13:02:37Z" end-time="2026-09-24 13:02:37Z" duration="0.072216" total="46" passed="46" failed="0" inconclusive="0" skipped="0" asserts="0">
        <properties />
        <test-suite type="TestFixture" id="2240" name="AddSkillBuffTests" fullname="Buff.AddSkillBuffTests" classname="Buff.AddSkillBuffTests" runstate="Runnable" testcasecount="5" result="Passed" start-time="2026-09-24 13:02:37Z" end-time="2026-09-24 13:02:37Z" duration="0.005845" total="5" passed="5" failed="0" inconclusive="0" skipped="0" asserts="0">
          <properties />
          <test-case id="2241" name="Add_AddsSkillInstanceToTarget" fullname="Buff.AddSkillBuffTests.Add_AddsSkillInstanceToTarget" methodname="Add_AddsSkillInstanceToTarget" classname="Buff.AddSkillBuffTests" runstate="Runnable" seed="1784166846" result="Passed" start-time="2026-09-24 13:02:37Z" end-time="2026-09-24 13:02:37Z" duration="0.003410" asserts="0">
            <properties />
          </test-case>
          <test-case id="2242" name="IsStackable_NonStackableSkill_ReturnsFalse" fullname="Buff.AddSkillBuffTests.IsStackable_NonStackableSkill_ReturnsFalse" methodname="IsStackable_NonStackableSkill_ReturnsFalse" classname="Buff.AddSkillBuffTests" runstate="Runnable" seed="1172970152" result="Passed" start-time="2026-09-24 13:02:37Z" end-time="2026-09-24 13:02:37Z" duration="0.000495" asserts="0">
            <properties />
          </test-case>
          <test-case id="2243" name="IsStackable_StackableSkill_ReturnsTrue" fullname="Buff.AddSkillBuffTests.IsStackable_StackableSkill_ReturnsTrue" methodname="IsStackable_StackableSkill_ReturnsTrue" classname="Buff.AddSkillBuffTests" runstate="Runnable" seed="1786593593" result="Passed" start-time="2026-09-24 13:02:37Z" end-time="2026-09-24 13:02:37Z" duration="0.000597" asserts="0">
            <properties />
          </test-case>
          <test-case id="2244" name="Stack_DelegatesToSkillInstance" fullname="Buff.AddSkillBuffTests.Stack_DelegatesToSkillInstance" methodname="Stack_DelegatesToSkillInstance" classname="Buff.AddSkillBuffTests" runstate="Runnable" seed="543404686" result="Passed" start-time="2026-09-24 13:02:37Z" end-time="2026-09-24 13:02:37Z" duration="0.000325" asserts="0">
            <properties />
          </test-case>
          <test-case id="2245" name="Unstack_DelegatesToSkillInstance" fullname="Buff.AddSkillBuffTests.Unstack_DelegatesToSkillInstance" methodname="Unstack_DelegatesToSkillInstance" classname="Buff.AddSkillBuffTests" runstate="Runnable" seed="338898026" result="Passed" start-time="2026-09-24 13:02:37Z" end-time="2026-09-24 13:02:37Z" duration="0.000301" asserts="0">
            <properties />
          </test-case>
        </test-suite>
        <test-suite type="TestFixture" id="2246" name="ApplyConsumerBuffTests" fullname="Buff.ApplyConsumerBuffTests" classname="Buff.ApplyConsumerBuffTests" runstate="Runnable" testcasecount="3" result="Passed" start-time="2026-09-24 13:02:37Z" end-time="2026-09-24 13:02:37Z" duration="0.001852" total="3" passed="3" failed="0" inconclusive="0" skipped="0" asserts="0">
          <properties />
          <test-case id="2247" name="Instant_DefaultStacks_AppliesMultiplierOne" fullname="Buff.ApplyConsumerBuffTests.Instant_DefaultStacks_AppliesMultiplierOne" methodname="Instant_DefaultStacks_AppliesMultiplierOne" classname="Buff.ApplyConsumerBuffTests" runstate="Runnable" seed="1478824558" result="Passed" start-time="2026-09-24 13:02:37Z" end-time="2026-09-24 13:02:37Z" duration="0.000667" asserts="0">
            <properties />
          </test-case>
          <test-case id="2248" name="Stack_IncreasesMultiplierAppliedOnInstant" fullname="Buff.ApplyConsumerBuffTests.Stack_IncreasesMultiplierAppliedOnInstant" methodname="Stack_IncreasesMultiplierAppliedOnInstant" classname="Buff.ApplyConsumerBuffTests" runstate="Runnable" seed="1459947514" result="Passed" start-time="2026-09-24 13:02:37Z" end-time="2026-09-24 13:02:37Z" duration="0.000244" asserts="0">
            <properties />
          </test-case>
          <test-case id="2249" name="Unstack_DecreasesMultiplierAppliedOnInstant" fullname="Buff.ApplyConsumerBuffTests.Unstack_DecreasesMultiplierAppliedOnInstant" methodname="Unstack_DecreasesMultiplierAppliedOnInstant" classname="Buff.ApplyConsumerBuffTests" runstate="Runnable" seed="1097856811" result="Passed" start-time="2026-09-24 13:02:37Z" end-time="2026-09-24 13:02:37Z" duration="0.000236" asserts="0">
            <properties />
          </test-case>
        </test-suite>
        <test-suite type="TestFixture" id="2250" name="BuffHandlerTests" fullname="Buff.BuffHandlerTests" classname="Buff.BuffHandlerTests" runstate="Runnable" testcasecount="12" result="Passed" start-time="2026-09-24 13:02:37Z" end-time="2026-09-24 13:02:37Z" duration="0.001920" total="12" passed="12" failed="0" inconclusive="0" skipped="0" asserts="0">
          <properties />
          <test-case id="2257" name="HasDuration_DurationAndInfiniteTypes_AreTrue" fullname="Buff.BuffHandlerTests.HasDuration_DurationAndInfiniteTypes_AreTrue" methodname="HasDuration_DurationAndInfiniteTypes_AreTrue" classname="Buff.BuffHandlerTests" runstate="Runnable" seed="304903491" result="Passed" start-time="2026-09-24 13:02:37Z" end-time="2026-09-24 13:02:37Z" duration="0.000112" asserts="0">
            <properties />
          </test-case>
          <test-case id="2256" name="HasDuration_InstantType_IsFalse" fullname="Buff.BuffHandlerTests.HasDuration_InstantType_IsFalse" methodname="HasDuration_InstantType_IsFalse" classname="Buff.BuffHandlerTests" runstate="Runnable" seed="1722121698" result="Passed" start-time="2026-09-24 13:02:37Z" end-time="2026-09-24 13:02:37Z" duration="0.000042" asserts="0">
            <properties />
          </test-case>
          <test-case id="2253" name="IsDone_DurationType_BecomesTrueOnceDurationElapsed" fullname="Buff.BuffHandlerTests.IsDone_DurationType_BecomesTrueOnceDurationElapsed" methodname="IsDone_DurationType_BecomesTrueOnceDurationElapsed" classname="Buff.BuffHandlerTests" runstate="Runnable" seed="84530626" result="Passed" start-time="2026-09-24 13:02:37Z" end-time="2026-09-24 13:02:37Z" duration="0.000111" asserts="0">
            <properties />
          </test-case>
          <test-case id="2254" name="IsDone_InfiniteType_NeverBecomesTrue" fullname="Buff.BuffHandlerTests.IsDone_InfiniteType_NeverBecomesTrue" methodname="IsDone_InfiniteType_NeverBecomesTrue" classname="Buff.BuffHandlerTests" runstate="Runnable" seed="1666627193" result="Passed" start-time="2026-09-24 13:02:37Z" end-time="2026-09-24 13:02:37Z" duration="0.000042" asserts="0">
            <properties />
          </test-case>
          <test-case id="2255" name="IsDone_InstantType_IsAlwaysTrue" fullname="Buff.BuffHandlerTests.IsDone_InstantType_IsAlwaysTrue" methodname="IsDone_InstantType_IsAlwaysTrue" classname="Buff.BuffHandlerTests" runstate="Runnable" seed="1825066905" result="Passed" start-time="2026-09-24 13:02:37Z" end-time="2026-09-24 13:02:37Z" duration="0.000040" asserts="0">
            <properties />
          </test-case>
          <test-case id="2259" name="IsPeriodDone_BecomesTrueOncePeriodDurationElapsed" fullname="Buff.BuffHandlerTests.IsPeriodDone_BecomesTrueOncePeriodDurationElapsed" methodname="IsPeriodDone_BecomesTrueOncePeriodDurationElapsed" classname="Buff.BuffHandlerTests" runstate="Runnable" seed="1911113447" result="Passed" start-time="2026-09-24 13:02:37Z" end-time="2026-09-24 13:02:37Z" duration="0.000063" asserts="0">
            <properties />
          </test-case>
          <test-case id="2261" name="Refresh_ResetsDurationTimer" fullname="Buff.BuffHandlerTests.Refresh_ResetsDurationTimer" methodname="Refresh_ResetsDurationTimer" classname="Buff.BuffHandlerTests" runstate="Runnable" seed="650512281" result="Passed" start-time="2026-09-24 13:02:37Z" end-time="2026-09-24 13:02:37Z" duration="0.000062" asserts="0">
            <properties />
          </test-case>
          <test-case id="2260" name="ResetPeriodDuration_ResetsPeriodTimerButNotDurationTimer" fullname="Buff.BuffHandlerTests.ResetPeriodDuration_ResetsPeriodTimerButNotDurationTimer" methodname="ResetPeriodDuration_ResetsPeriodTimerButNotDurationTimer" classname="Buff.BuffHandlerTests" runstate="Runnable" seed="1680855448" result="Passed" start-time="2026-09-24 13:02:37Z" end-time="2026-09-24 13:02:37Z" duration="0.000068" asserts="0">
            <properties />
          </test-case>
          <test-case id="2262" name="Start_ResetsBothTimers" fullname="Buff.BuffHandlerTests.Start_ResetsBothTimers" methodname="Start_ResetsBothTimers" classname="Buff.BuffHandlerTests" runstate="Runnable" seed="1208627553" result="Passed" start-time="2026-09-24 13:02:37Z" end-time="2026-09-24 13:02:37Z" duration="0.000053" asserts="0">
            <properties />
          </test-case>
          <test-case id="2251" name="Update_DurationType_AccumulatesDurationTimer" fullname="Buff.BuffHandlerTests.Update_DurationType_AccumulatesDurationTimer" methodname="Update_DurationType_AccumulatesDurationTimer" classname="Buff.BuffHandlerTests" runstate="Runnable" seed="398573694" result="Passed" start-time="2026-09-24 13:02:37Z" end-time="2026-09-24 13:02:37Z" duration="0.000061" asserts="0">
            <properties />
          </test-case>
          <test-case id="2252" name="Update_DurationType_ClampsDurationTimerAtDuration" fullname="Buff.BuffHandlerTests.Update_DurationType_ClampsDurationTimerAtDuration" methodname="Update_DurationType_ClampsDurationTimerAtDuration" classname="Buff.BuffHandlerTests" runstate="Runnable" seed="252143161" result="Passed" start-time="2026-09-24 13:02:37Z" end-time="2026-09-24 13:02:37Z" duration="0.000046" asserts="0">
            <properties />
          </test-case>
          <test-case id="2258" name="Update_Periodic_AccumulatesAndClampsPeriodDurationTimer" fullname="Buff.BuffHandlerTests.Update_Periodic_AccumulatesAndClampsPeriodDurationTimer" methodname="Update_Periodic_AccumulatesAndClampsPeriodDurationTimer" classname="Buff.BuffHandlerTests" runstate="Runnable" seed="101666792" result="Passed" start-time="2026-09-24 13:02:37Z" end-time="2026-09-24 13:02:37Z" duration="0.000072" asserts="0">
            <properties />
          </test-case>
        </test-suite>
        <test-suite type="TestFixture" id="2263" name="BuffIconTrackerTests" fullname="Buff.BuffIconTrackerTests" classname="Buff.BuffIconTrackerTests" runstate="Runnable" testcasecount="6" result="Passed" start-time="2026-09-24 13:02:37Z" end-time="2026-09-24 13:02:37Z" duration="0.026731" total="6" passed="6" failed="0" inconclusive="0" skipped="0" asserts="0">
          <properties />
          <test-case id="2264" name="HandlerWithIcon_ReportsItsStacks" fullname="Buff.BuffIconTrackerTests.HandlerWithIcon_ReportsItsStacks" methodname="HandlerWithIcon_ReportsItsStacks" classname="Buff.BuffIconTrackerTests" runstate="Runnable" seed="534908537" result="Passed" start-time="2026-09-24 13:02:37Z" end-time="2026-09-24 13:02:37Z" duration="0.009296" asserts="0">
            <properties />
            <output><![CDATA[[BuffManager:BuffManager] Init handler 
[BuffManager:BuffManager] Refresh handler 
[BuffManager:BuffManager] Start buff handler 
[BuffManager:BuffManager] Refresh buff handler  | currentStacks=0 | refreshStacks=2
[BuffManager:BuffManager] Add buff 
[BuffManager:BuffManager] Stack buff  | stacks=1
]]></output>
          </test-case>
          <test-case id="2265" name="HandlerWithoutIcon_IsNotTracked" fullname="Buff.BuffIconTrackerTests.HandlerWithoutIcon_IsNotTracked" methodname="HandlerWithoutIcon_IsNotTracked" classname="Buff.BuffIconTrackerTests" runstate="Runnable" seed="1152295099" result="Passed" start-time="2026-09-24 13:02:37Z" end-time="2026-09-24 13:02:37Z" duration="0.001857" asserts="0">
            <properties />
            <output><![CDATA[[BuffManager:BuffManager] Init handler 
[BuffManager:BuffManager] Start buff handler 
[BuffManager:BuffManager] Refresh buff handler  | currentStacks=0 | refreshStacks=1
[BuffManager:BuffManager] Add buff 
]]></output>
          </test-case>
          <test-case id="2266" name="RemovingOneStack_DecreasesTheStacks" fullname="Buff.BuffIconTrackerTests.RemovingOneStack_DecreasesTheStacks" methodname="RemovingOneStack_DecreasesTheStacks" classname="Buff.BuffIconTrackerTests" runstate="Runnable" seed="1649789748" result="Passed" start-time="2026-09-24 13:02:37Z" end-time="2026-09-24 13:02:37Z" duration="0.003436" asserts="0">
            <properties />
            <output><![CDATA[[BuffManager:BuffManager] Init handler 
[BuffManager:BuffManager] Refresh handler 
[BuffManager:BuffManager] Start buff handler 
[BuffManager:BuffManager] Refresh buff handler  | currentStacks=0 | refreshStacks=2
[BuffManager:BuffManager] Add buff 
[BuffManager:BuffManager] Stack buff  | stacks=1
[BuffManager:BuffManager] Remove handler 
[BuffManager:BuffManager] Refresh buff handler  | currentStacks=2 | refreshStacks=-1
[BuffManager:BuffManager] Unstack buff  | stacks=2
]]></output>
          </test-case>
          <test-case id="2268" name="SameEffectFromTwoSources_SumsTheStacks" fullname="Buff.BuffIconTrackerTests.SameEffectFromTwoSources_SumsTheStacks" methodname="SameEffectFromTwoSources_SumsTheStacks" classname="Buff.BuffIconTrackerTests" runstate="Runnable" seed="1644232550" result="Passed" start-time="2026-09-24 13:02:37Z" end-time="2026-09-24 13:02:37Z" duration="0.004033" asserts="0">
            <properties />
            <output><![CDATA[[BuffManager:BuffManager] Init handler 
[BuffManager:BuffManager] Init handler 
[BuffManager:BuffManager] Refresh handler 
[BuffManager:BuffManager] Start buff handler 
[BuffManager:BuffManager] Refresh buff handler  | currentStacks=0 | refreshStacks=1
[BuffManager:BuffManager] Add buff 
[BuffManager:BuffManager] Start buff handler 
[BuffManager:BuffManager] Refresh buff handler  | currentStacks=0 | refreshStacks=2
[BuffManager:BuffManager] Add buff 
[BuffManager:BuffManager] Stack buff  | stacks=1
]]></output>
          </test-case>
          <test-case id="2267" name="StoppedHandler_ReportsZeroStacks" fullname="Buff.BuffIconTrackerTests.StoppedHandler_ReportsZeroStacks" methodname="StoppedHandler_ReportsZeroStacks" classname="Buff.BuffIconTrackerTests" runstate="Runnable" seed="1854560384" result="Passed" start-time="2026-09-24 13:02:37Z" end-time="2026-09-24 13:02:37Z" duration="0.003110" asserts="0">
            <properties />
            <output><![CDATA[[BuffManager:BuffManager] Init handler 
[BuffManager:BuffManager] Start buff handler 
[BuffManager:BuffManager] Refresh buff handler  | currentStacks=0 | refreshStacks=1
[BuffManager:BuffManager] Add buff 
[BuffManager:BuffManager] Remove buff  | stacks=1
]]></output>
          </test-case>
          <test-case id="2269" name="StoppingOneSource_KeepsTheOtherSourceStacks" fullname="Buff.BuffIconTrackerTests.StoppingOneSource_KeepsTheOtherSourceStacks" methodname="StoppingOneSource_KeepsTheOtherSourceStacks" classname="Buff.BuffIconTrackerTests" runstate="Runnable" seed="1788087548" result="Passed" start-time="2026-09-24 13:02:37Z" end-time="2026-09-24 13:02:37Z" duration="0.003817" asserts="0">
            <properties />
            <output><![CDATA[[BuffManager:BuffManager] Init handler 
[BuffManager:BuffManager] Init handler 
[BuffManager:BuffManager] Refresh handler 
[BuffManager:BuffManager] Start buff handler 
[BuffManager:BuffManager] Refresh buff handler  | currentStacks=0 | refreshStacks=1
[BuffManager:BuffManager] Add buff 
[BuffManager:BuffManager] Start buff handler 
[BuffManager:BuffManager] Refresh buff handler  | currentStacks=0 | refreshStacks=2
[BuffManager:BuffManager] Add buff 
[BuffManager:BuffManager] Stack buff  | stacks=1
[BuffManager:BuffManager] Remove buff  | stacks=1
]]></output>
          </test-case>
        </test-suite>
        <test-suite type="TestFixture" id="2270" name="BuffManagerTests" fullname="Buff.BuffManagerTests" classname="Buff.BuffManagerTests" runstate="Runnable" testcasecount="10" result="Passed" start-time="2026-09-24 13:02:37Z" end-time="2026-09-24 13:02:37Z" duration="0.026528" total="10" passed="10" failed="0" inconclusive="0" skipped="0" asserts="0">
          <properties />
          <test-case id="2278" name="AddHandler_CalledTwiceBeforeUpdate_StacksSecondApplication" fullname="Buff.BuffManagerTests.AddHandler_CalledTwiceBeforeUpdate_StacksSecondApplication" methodname="AddHandler_CalledTwiceBeforeUpdate_StacksSecondApplication" classname="Buff.BuffManagerTests" runstate="Runnable" seed="1438381722" result="Passed" start-time="2026-09-24 13:02:37Z" end-time="2026-09-24 13:02:37Z" duration="0.003062" asserts="0">
            <properties />
            <output><![CDATA[[BuffManager:BuffManager] Init handler 
[BuffManager:BuffManager] Refresh handler 
[BuffManager:BuffManager] Start buff handler 
[BuffManager:BuffManager] Refresh buff handler  | currentStacks=0 | refreshStacks=2
[BuffManager:BuffManager] Add buff 
[BuffManager:BuffManager] Stack buff  | stacks=1
]]></output>
          </test-case>
          <test-case id="2275" name="AddHandler_DurationType_StartsHandlerAndAddsBuff" fullname="Buff.BuffManagerTests.AddHandler_DurationType_StartsHandlerAndAddsBuff" methodname="AddHandler_DurationType_StartsHandlerAndAddsBuff" classname="Buff.BuffManagerTests" runstate="Runnable" seed="1163245516" result="Passed" start-time="2026-09-24 13:02:37Z" end-time="2026-09-24 13:02:37Z" duration="0.002146" asserts="0">
            <properties />
            <output><![CDATA[[BuffManager:BuffManager] Init handler 
[BuffManager:BuffManager] Start buff handler 
[BuffManager:BuffManager] Refresh buff handler  | currentStacks=0 | refreshStacks=1
[BuffManager:BuffManager] Add buff 
]]></output>
          </test-case>
          <test-suite type="ParameterizedMethod" id="2273" name="AddHandler_GivesTheBuffItsOwningHandler" fullname="Buff.BuffManagerTests.AddHandler_GivesTheBuffItsOwningHandler" classname="Buff.BuffManagerTests" runstate="Runnable" testcasecount="2" result="Passed" start-time="2026-09-24 13:02:37Z" end-time="2026-09-24 13:02:37Z" duration="0.004787" total="2" passed="2" failed="0" inconclusive="0" skipped="0" asserts="0">
            <properties />
            <test-case id="2271" name="AddHandler_GivesTheBuffItsOwningHandler(Instant)" fullname="Buff.BuffManagerTests.AddHandler_GivesTheBuffItsOwningHandler(Instant)" methodname="AddHandler_GivesTheBuffItsOwningHandler" classname="Buff.BuffManagerTests" runstate="Runnable" seed="1792031143" result="Passed" start-time="2026-09-24 13:02:37Z" end-time="2026-09-24 13:02:37Z" duration="0.001810" asserts="0">
              <properties />
              <output><![CDATA[[BuffManager:BuffManager] Init handler 
[BuffManager:BuffManager] Instant buff  | refreshStacks=1
]]></output>
            </test-case>
            <test-case id="2272" name="AddHandler_GivesTheBuffItsOwningHandler(Infinite)" fullname="Buff.BuffManagerTests.AddHandler_GivesTheBuffItsOwningHandler(Infinite)" methodname="AddHandler_GivesTheBuffItsOwningHandler" classname="Buff.BuffManagerTests" runstate="Runnable" seed="589804321" result="Passed" start-time="2026-09-24 13:02:37Z" end-time="2026-09-24 13:02:37Z" duration="0.001889" asserts="0">
              <properties />
              <output><![CDATA[[BuffManager:BuffManager] Init handler 
[BuffManager:BuffManager] Start buff handler 
[BuffManager:BuffManager] Refresh buff handler  | currentStacks=0 | refreshStacks=1
[BuffManager:BuffManager] Add buff 
]]></output>
            </test-case>
          </test-suite>
          <test-case id="2274" name="AddHandler_InstantDuration_InvokesInstantOncePerRefreshStack" fullname="Buff.BuffManagerTests.AddHandler_InstantDuration_InvokesInstantOncePerRefreshStack" methodname="AddHandler_InstantDuration_InvokesInstantOncePerRefreshStack" classname="Buff.BuffManagerTests" runstate="Runnable" seed="446321126" result="Passed" start-time="2026-09-24 13:02:37Z" end-time="2026-09-24 13:02:37Z" duration="0.001335" asserts="0">
            <properties />
            <output><![CDATA[[BuffManager:BuffManager] Init handler 
[BuffManager:BuffManager] Refresh handler 
[BuffManager:BuffManager] Instant buff  | refreshStacks=2
]]></output>
          </test-case>
          <test-case id="2276" name="AddHandler_RecordsTheSourceOnTheHandlerData" fullname="Buff.BuffManagerTests.AddHandler_RecordsTheSourceOnTheHandlerData" methodname="AddHandler_RecordsTheSourceOnTheHandlerData" classname="Buff.BuffManagerTests" runstate="Runnable" seed="844687734" result="Passed" start-time="2026-09-24 13:02:37Z" end-time="2026-09-24 13:02:37Z" duration="0.001591" asserts="0">
            <properties />
            <output><![CDATA[[BuffManager:BuffManager] Init handler 
[BuffManager:BuffManager] Start buff handler 
[BuffManager:BuffManager] Refresh buff handler  | currentStacks=0 | refreshStacks=1
[BuffManager:BuffManager] Add buff 
]]></output>
          </test-case>
          <test-case id="2281" name="RemoveBuffWithoutTag_KeepsHandlerThatHasTheTag" fullname="Buff.BuffManagerTests.RemoveBuffWithoutTag_KeepsHandlerThatHasTheTag" methodname="RemoveBuffWithoutTag_KeepsHandlerThatHasTheTag" classname="Buff.BuffManagerTests" runstate="Runnable" seed="297475012" result="Passed" start-time="2026-09-24 13:02:37Z" end-time="2026-09-24 13:02:37Z" duration="0.002013" asserts="0">
            <properties />
            <output><![CDATA[[BuffManager:BuffManager] Init handler 
[BuffManager:BuffManager] Start buff handler 
[BuffManager:BuffManager] Refresh buff handler  | currentStacks=0 | refreshStacks=1
[BuffManager:BuffManager] Add buff 
]]></output>
          </test-case>
          <test-case id="2280" name="RemoveBuffWithTag_StopsMatchingHandlerAndRemovesItsBuff" fullname="Buff.BuffManagerTests.RemoveBuffWithTag_StopsMatchingHandlerAndRemovesItsBuff" methodname="RemoveBuffWithTag_StopsMatchingHandlerAndRemovesItsBuff" classname="Buff.BuffManagerTests" runstate="Runnable" seed="1650232375" result="Passed" start-time="2026-09-24 13:02:37Z" end-time="2026-09-24 13:02:37Z" duration="0.002355" asserts="0">
            <properties />
            <output><![CDATA[[BuffManager:BuffManager] Init handler 
[BuffManager:BuffManager] Refresh handler 
[BuffManager:BuffManager] Start buff handler 
[BuffManager:BuffManager] Refresh buff handler  | currentStacks=0 | refreshStacks=2
[BuffManager:BuffManager] Add buff 
[BuffManager:BuffManager] Stack buff  | stacks=1
[BuffManager:BuffManager] Remove buff  | stacks=2
]]></output>
          </test-case>
          <test-case id="2279" name="RemoveHandler_AfterStacking_UnstacksWithoutStoppingHandler" fullname="Buff.BuffManagerTests.RemoveHandler_AfterStacking_UnstacksWithoutStoppingHandler" methodname="RemoveHandler_AfterStacking_UnstacksWithoutStoppingHandler" classname="Buff.BuffManagerTests" runstate="Runnable" seed="496185683" result="Passed" start-time="2026-09-24 13:02:37Z" end-time="2026-09-24 13:02:37Z" duration="0.002987" asserts="0">
            <properties />
            <output><![CDATA[[BuffManager:BuffManager] Init handler 
[BuffManager:BuffManager] Refresh handler 
[BuffManager:BuffManager] Start buff handler 
[BuffManager:BuffManager] Refresh buff handler  | currentStacks=0 | refreshStacks=2
[BuffManager:BuffManager] Add buff 
[BuffManager:BuffManager] Stack buff  | stacks=1
[BuffManager:BuffManager] Remove handler 
[BuffManager:BuffManager] Refresh buff handler  | currentStacks=2 | refreshStacks=-1
[BuffManager:BuffManager] Unstack buff  | stacks=2
]]></output>
          </test-case>
          <test-case id="2277" name="RemoveHandler_NonStackableBuff_RemovesBuffAndStopsHandler" fullname="Buff.BuffManagerTests.RemoveHandler_NonStackableBuff_RemovesBuffAndStopsHandler" methodname="RemoveHandler_NonStackableBuff_RemovesBuffAndStopsHandler" classname="Buff.BuffManagerTests" runstate="Runnable" seed="827706150" result="Passed" start-time="2026-09-24 13:02:37Z" end-time="2026-09-24 13:02:37Z" duration="0.003452" asserts="0">
            <properties />
            <output><![CDATA[[BuffManager:BuffManager] Init handler 
[BuffManager:BuffManager] Start buff handler 
[BuffManager:BuffManager] Refresh buff handler  | currentStacks=0 | refreshStacks=1
[BuffManager:BuffManager] Add buff 
[BuffManager:BuffManager] Remove handler 
[BuffManager:BuffManager] Refresh buff handler  | currentStacks=1 | refreshStacks=-1
[BuffManager:BuffManager] Remove buff  | stacks=1
[BuffManager:BuffManager] Stop buff handler 
]]></output>
          </test-case>
        </test-suite>
        <test-suite type="TestFixture" id="2282" name="MultipleShootBuffTests" fullname="Buff.MultipleShootBuffTests" classname="Buff.MultipleShootBuffTests" runstate="Runnable" testcasecount="5" result="Passed" start-time="2026-09-24 13:02:37Z" end-time="2026-09-24 13:02:37Z" duration="0.002989" total="5" passed="5" failed="0" inconclusive="0" skipped="0" asserts="0">
          <properties />
          <test-case id="2283" name="Add_IncreasesTargetCountByValue" fullname="Buff.MultipleShootBuffTests.Add_IncreasesTargetCountByValue" methodname="Add_IncreasesTargetCountByValue" classname="Buff.MultipleShootBuffTests" runstate="Runnable" seed="2122086324" result="Passed" start-time="2026-09-24 13:02:37Z" end-time="2026-09-24 13:02:37Z" duration="0.000858" asserts="0">
            <properties />
          </test-case>
          <test-case id="2287" name="AddStackUnstackRemove_RoundTrip_ReturnsToOriginalCount" fullname="Buff.MultipleShootBuffTests.AddStackUnstackRemove_RoundTrip_ReturnsToOriginalCount" methodname="AddStackUnstackRemove_RoundTrip_ReturnsToOriginalCount" classname="Buff.MultipleShootBuffTests" runstate="Runnable" seed="276795805" result="Passed" start-time="2026-09-24 13:02:37Z" end-time="2026-09-24 13:02:37Z" duration="0.000199" asserts="0">
            <properties />
          </test-case>
          <test-case id="2284" name="Remove_DecreasesTargetCountByValue" fullname="Buff.MultipleShootBuffTests.Remove_DecreasesTargetCountByValue" methodname="Remove_DecreasesTargetCountByValue" classname="Buff.MultipleShootBuffTests" runstate="Runnable" seed="1029160699" result="Passed" start-time="2026-09-24 13:02:37Z" end-time="2026-09-24 13:02:37Z" duration="0.000112" asserts="0">
            <properties />
          </test-case>
          <test-case id="2285" name="Stack_IncreasesTargetCountByValue" fullname="Buff.MultipleShootBuffTests.Stack_IncreasesTargetCountByValue" methodname="Stack_IncreasesTargetCountByValue" classname="Buff.MultipleShootBuffTests" runstate="Runnable" seed="1027660165" result="Passed" start-time="2026-09-24 13:02:37Z" end-time="2026-09-24 13:02:37Z" duration="0.000112" asserts="0">
            <properties />
          </test-case>
          <test-case id="2286" name="Unstack_DecreasesTargetCountByValue" fullname="Buff.MultipleShootBuffTests.Unstack_DecreasesTargetCountByValue" methodname="Unstack_DecreasesTargetCountByValue" classname="Buff.MultipleShootBuffTests" runstate="Runnable" seed="1788262820" result="Passed" start-time="2026-09-24 13:02:37Z" end-time="2026-09-24 13:02:37Z" duration="0.000149" asserts="0">
            <properties />
          </test-case>
        </test-suite>
        <test-suite type="TestFixture" id="2288" name="ProjectileBehaviourBuffTests" fullname="Buff.ProjectileBehaviourBuffTests" classname="Buff.ProjectileBehaviourBuffTests" runstate="Runnable" testcasecount="5" result="Passed" start-time="2026-09-24 13:02:37Z" end-time="2026-09-24 13:02:37Z" duration="0.005362" total="5" passed="5" failed="0" inconclusive="0" skipped="0" asserts="0">
          <properties />
          <test-case id="2289" name="Add_AddsProjectileBehaviourInstanceToTarget" fullname="Buff.ProjectileBehaviourBuffTests.Add_AddsProjectileBehaviourInstanceToTarget" methodname="Add_AddsProjectileBehaviourInstanceToTarget" classname="Buff.ProjectileBehaviourBuffTests" runstate="Runnable" seed="923542052" result="Passed" start-time="2026-09-24 13:02:37Z" end-time="2026-09-24 13:02:37Z" duration="0.002187" asserts="0">
            <properties />
          </test-case>
          <test-case id="2290" name="IsStackable_NonStackableBehaviour_ReturnsFalse" fullname="Buff.ProjectileBehaviourBuffTests.IsStackable_NonStackableBehaviour_ReturnsFalse" methodname="IsStackable_NonStackableBehaviour_ReturnsFalse" classname="Buff.ProjectileBehaviourBuffTests" runstate="Runnable" seed="1240329046" result="Passed" start-time="2026-09-24 13:02:37Z" end-time="2026-09-24 13:02:37Z" duration="0.000438" asserts="0">
            <properties />
          </test-case>
          <test-case id="2291" name="IsStackable_StackableBehaviour_ReturnsTrue" fullname="Buff.ProjectileBehaviourBuffTests.IsStackable_StackableBehaviour_ReturnsTrue" methodname="IsStackable_StackableBehaviour_ReturnsTrue" classname="Buff.ProjectileBehaviourBuffTests" runstate="Runnable" seed="1327840023" result="Passed" start-time="2026-09-24 13:02:37Z" end-time="2026-09-24 13:02:37Z" duration="0.000526" asserts="0">
            <properties />
          </test-case>
          <test-case id="2292" name="Stack_DelegatesToProjectileBehaviourInstance" fullname="Buff.ProjectileBehaviourBuffTests.Stack_DelegatesToProjectileBehaviourInstance" methodname="Stack_DelegatesToProjectileBehaviourInstance" classname="Buff.ProjectileBehaviourBuffTests" runstate="Runnable" seed="200475388" result="Passed" start-time="2026-09-24 13:02:37Z" end-time="2026-09-24 13:02:37Z" duration="0.000321" asserts="0">
            <properties />
          </test-case>
          <test-case id="2293" name="Unstack_DelegatesToProjectileBehaviourInstance" fullname="Buff.ProjectileBehaviourBuffTests.Unstack_DelegatesToProjectileBehaviourInstance" methodname="Unstack_DelegatesToProjectileBehaviourInstance" classname="Buff.ProjectileBehaviourBuffTests" runstate="Runnable" seed="1055580977" result="Passed" start-time="2026-09-24 13:02:37Z" end-time="2026-09-24 13:02:37Z" duration="0.000302" asserts="0">
            <properties />
          </test-case>
        </test-suite>
      </test-suite>
      <test-suite type="TestFixture" id="2065" name="ExpressionEvaluatorTests" fullname="ExpressionEvaluatorTests" classname="ExpressionEvaluatorTests" runstate="Runnable" testcasecount="20" result="Passed" start-time="2026-09-24 13:02:37Z" end-time="2026-09-24 13:02:37Z" duration="0.006756" total="20" passed="20" failed="0" inconclusive="0" skipped="0" asserts="0">
        <properties />
        <test-case id="2086" name="Evaluate_EmptyExpression_ReturnsDefaultValue" fullname="ExpressionEvaluatorTests.Evaluate_EmptyExpression_ReturnsDefaultValue" methodname="Evaluate_EmptyExpression_ReturnsDefaultValue" classname="ExpressionEvaluatorTests" runstate="Runnable" seed="571261253" result="Passed" start-time="2026-09-24 13:02:37Z" end-time="2026-09-24 13:02:37Z" duration="0.001937" asserts="0">
          <properties />
        </test-case>
        <test-case id="2085" name="Evaluate_InvalidExpression_ReturnsDefaultValue" fullname="ExpressionEvaluatorTests.Evaluate_InvalidExpression_ReturnsDefaultValue" methodname="Evaluate_InvalidExpression_ReturnsDefaultValue" classname="ExpressionEvaluatorTests" runstate="Runnable" seed="1702364995" result="Passed" start-time="2026-09-24 13:02:37Z" end-time="2026-09-24 13:02:37Z" duration="0.000625" asserts="0">
          <properties />
        </test-case>
        <test-suite type="ParameterizedMethod" id="2084" name="Evaluate_ReturnsExpectedValue" fullname="ExpressionEvaluatorTests.Evaluate_ReturnsExpectedValue" classname="ExpressionEvaluatorTests" runstate="Runnable" testcasecount="18" result="Passed" start-time="2026-09-24 13:02:37Z" end-time="2026-09-24 13:02:37Z" duration="0.003295" total="18" passed="18" failed="0" inconclusive="0" skipped="0" asserts="0">
          <properties />
          <test-case id="2066" name="Evaluate_ReturnsExpectedValue(&quot;42&quot;,42.0f)" fullname="ExpressionEvaluatorTests.Evaluate_ReturnsExpectedValue(&quot;42&quot;,42.0f)" methodname="Evaluate_ReturnsExpectedValue" classname="ExpressionEvaluatorTests" runstate="Runnable" seed="2133617776" result="Passed" start-time="2026-09-24 13:02:37Z" end-time="2026-09-24 13:02:37Z" duration="0.000346" asserts="0">
            <properties />
          </test-case>
          <test-case id="2067" name="Evaluate_ReturnsExpectedValue(&quot;[42]&quot;,42.0f)" fullname="ExpressionEvaluatorTests.Evaluate_ReturnsExpectedValue(&quot;[42]&quot;,42.0f)" methodname="Evaluate_ReturnsExpectedValue" classname="ExpressionEvaluatorTests" runstate="Runnable" seed="1997778530" result="Passed" start-time="2026-09-24 13:02:37Z" end-time="2026-09-24 13:02:37Z" duration="0.000279" asserts="0">
            <properties />
          </test-case>
          <test-case id="2068" name="Evaluate_ReturnsExpectedValue(&quot;-42&quot;,-42.0f)" fullname="ExpressionEvaluatorTests.Evaluate_ReturnsExpectedValue(&quot;-42&quot;,-42.0f)" methodname="Evaluate_ReturnsExpectedValue" classname="ExpressionEvaluatorTests" runstate="Runnable" seed="1799319839" result="Passed" start-time="2026-09-24 13:02:37Z" end-time="2026-09-24 13:02:37Z" duration="0.000406" asserts="0">
            <properties />
          </test-case>
          <test-case id="2069" name="Evaluate_ReturnsExpectedValue(&quot;[-42]&quot;,-42.0f)" fullname="ExpressionEvaluatorTests.Evaluate_ReturnsExpectedValue(&quot;[-42]&quot;,-42.0f)" methodname="Evaluate_ReturnsExpectedValue" classname="ExpressionEvaluatorTests" runstate="Runnable" seed="1037186624" result="Passed" start-time="2026-09-24 13:02:37Z" end-time="2026-09-24 13:02:37Z" duration="0.000106" asserts="0">
            <properties />
          </test-case>
          <test-case id="2070" name="Evaluate_ReturnsExpectedValue(&quot;-[42]&quot;,-42.0f)" fullname="ExpressionEvaluatorTests.Evaluate_ReturnsExpectedValue(&quot;-[42]&quot;,-42.0f)" methodname="Evaluate_ReturnsExpectedValue" classname="ExpressionEvaluatorTests" runstate="Runnable" seed="1367918296" result="Passed" start-time="2026-09-24 13:02:37Z" end-time="2026-09-24 13:02:37Z" duration="0.000066" asserts="0">
            <properties />
          </test-case>
          <test-case id="2071" name="Evaluate_ReturnsExpectedValue(&quot;-[-42]&quot;,42.0f)" fullname="ExpressionEvaluatorTests.Evaluate_ReturnsExpectedValue(&quot;-[-42]&quot;,42.0f)" methodname="Evaluate_ReturnsExpectedValue" classname="ExpressionEvaluatorTests" runstate="Runnable" seed="2069358484" result="Passed" start-time="2026-09-24 13:02:37Z" end-time="2026-09-24 13:02:37Z" duration="0.000045" asserts="0">
            <properties />
          </test-case>
[...]
              <properties>
                <property name="retryIteration" value="0" />
                <property name="repeatIteration" value="0" />
              </properties>
            </test-case>
          </test-suite>
        </test-suite>
        <test-suite type="TestFixture" id="2210" name="ProjectileTests" fullname="Projectiles.ProjectileTests" classname="Projectiles.ProjectileTests" runstate="Runnable" testcasecount="1" result="Passed" start-time="2026-09-24 13:02:50Z" end-time="2026-09-24 13:02:50Z" duration="0.002138" total="1" passed="1" failed="0" inconclusive="0" skipped="0" asserts="0">
          <properties />
          <test-case id="2211" name="OnHitConsumers_ReturnsTheConsumersGivenToInit" fullname="Projectiles.ProjectileTests.OnHitConsumers_ReturnsTheConsumersGivenToInit" methodname="OnHitConsumers_ReturnsTheConsumersGivenToInit" classname="Projectiles.ProjectileTests" runstate="Runnable" seed="872424507" result="Passed" start-time="2026-09-24 13:02:50Z" end-time="2026-09-24 13:02:50Z" duration="0.001025" asserts="0">
            <properties>
              <property name="retryIteration" value="0" />
              <property name="repeatIteration" value="0" />
            </properties>
          </test-case>
        </test-suite>
      </test-suite>
      <test-suite type="TestSuite" id="2390" name="Skills" fullname="Skills" runstate="Runnable" testcasecount="3" result="Passed" start-time="2026-09-24 13:02:50Z" end-time="2026-09-24 13:02:50Z" duration="0.002021" total="3" passed="3" failed="0" inconclusive="0" skipped="0" asserts="0">
        <properties />
        <test-suite type="TestFixture" id="2203" name="ACooldownSkillTests" fullname="Skills.ACooldownSkillTests" classname="Skills.ACooldownSkillTests" runstate="Runnable" testcasecount="3" result="Passed" start-time="2026-09-24 13:02:50Z" end-time="2026-09-24 13:02:50Z" duration="0.001695" total="3" passed="3" failed="0" inconclusive="0" skipped="0" asserts="0">
          <properties />
          <test-case id="2206" name="CooldownProgress_AfterUse_ReportsTheSkillProgressThroughTheInterface" fullname="Skills.ACooldownSkillTests.CooldownProgress_AfterUse_ReportsTheSkillProgressThroughTheInterface" methodname="CooldownProgress_AfterUse_ReportsTheSkillProgressThroughTheInterface" classname="Skills.ACooldownSkillTests" runstate="Runnable" seed="1352774901" result="Passed" start-time="2026-09-24 13:02:50Z" end-time="2026-09-24 13:02:50Z" duration="0.000928" asserts="0">
            <properties>
              <property name="retryIteration" value="0" />
              <property name="repeatIteration" value="0" />
            </properties>
          </test-case>
          <test-case id="2205" name="CooldownProgress_BeforeFirstUse_IsZero" fullname="Skills.ACooldownSkillTests.CooldownProgress_BeforeFirstUse_IsZero" methodname="CooldownProgress_BeforeFirstUse_IsZero" classname="Skills.ACooldownSkillTests" runstate="Runnable" seed="1993638831" result="Passed" start-time="2026-09-24 13:02:50Z" end-time="2026-09-24 13:02:50Z" duration="0.000112" asserts="0">
            <properties>
              <property name="retryIteration" value="0" />
              <property name="repeatIteration" value="0" />
            </properties>
          </test-case>
          <test-case id="2204" name="GetComponent_FindsTheSkillAsICooldownSkill" fullname="Skills.ACooldownSkillTests.GetComponent_FindsTheSkillAsICooldownSkill" methodname="GetComponent_FindsTheSkillAsICooldownSkill" classname="Skills.ACooldownSkillTests" runstate="Runnable" seed="1601159816" result="Passed" start-time="2026-09-24 13:02:50Z" end-time="2026-09-24 13:02:50Z" duration="0.000103" asserts="0">
            <properties>
              <property name="retryIteration" value="0" />
              <property name="repeatIteration" value="0" />
            </properties>
          </test-case>
        </test-suite>
      </test-suite>
      <test-suite type="TestFixture" id="2095" name="TextConvertorTests" fullname="TextConvertorTests" classname="TextConvertorTests" runstate="Runnable" testcasecount="25" result="Passed" start-time="2026-09-24 13:02:50Z" end-time="2026-09-24 13:02:50Z" duration="0.008834" total="25" passed="25" failed="0" inconclusive="0" skipped="0" asserts="0">
        <properties />
        <test-case id="2103" name="Convert_AttributeVariable_Base_ReturnsFormattedBaseValue" fullname="TextConvertorTests.Convert_AttributeVariable_Base_ReturnsFormattedBaseValue" methodname="Convert_AttributeVariable_Base_ReturnsFormattedBaseValue" classname="TextConvertorTests" runstate="Runnable" seed="771562502" result="Passed" start-time="2026-09-24 13:02:50Z" end-time="2026-09-24 13:02:50Z" duration="0.001774" asserts="0">
          <properties>
            <property name="retryIteration" value="0" />
            <property name="repeatIteration" value="0" />
          </properties>
        </test-case>
        <test-case id="2104" name="Convert_AttributeVariable_Current_ReturnsValueIncludingModifiers" fullname="TextConvertorTests.Convert_AttributeVariable_Current_ReturnsValueIncludingModifiers" methodname="Convert_AttributeVariable_Current_ReturnsValueIncludingModifiers" classname="TextConvertorTests" runstate="Runnable" seed="493809635" result="Passed" start-time="2026-09-24 13:02:50Z" end-time="2026-09-24 13:02:50Z" duration="0.000423" asserts="0">
          <properties>
            <property name="retryIteration" value="0" />
            <property name="repeatIteration" value="0" />
          </properties>
        </test-case>
        <test-case id="2106" name="Convert_AttributeVariable_MissingTypeToken_ReturnsDefaultValue" fullname="TextConvertorTests.Convert_AttributeVariable_MissingTypeToken_ReturnsDefaultValue" methodname="Convert_AttributeVariable_MissingTypeToken_ReturnsDefaultValue" classname="TextConvertorTests" runstate="Runnable" seed="211837005" result="Passed" start-time="2026-09-24 13:02:50Z" end-time="2026-09-24 13:02:50Z" duration="0.000221" asserts="0">
          <properties>
            <property name="retryIteration" value="0" />
            <property name="repeatIteration" value="0" />
          </properties>
        </test-case>
        <test-case id="2105" name="Convert_AttributeVariable_NullCharacter_ReturnsDefaultValue" fullname="TextConvertorTests.Convert_AttributeVariable_NullCharacter_ReturnsDefaultValue" methodname="Convert_AttributeVariable_NullCharacter_ReturnsDefaultValue" classname="TextConvertorTests" runstate="Runnable" seed="1425652763" result="Passed" start-time="2026-09-24 13:02:50Z" end-time="2026-09-24 13:02:50Z" duration="0.000050" asserts="0">
          <properties>
            <property name="retryIteration" value="0" />
            <property name="repeatIteration" value="0" />
          </properties>
        </test-case>
        <test-case id="2107" name="Convert_AttributeVariable_UnknownAttributeType_ReturnsDefaultValue" fullname="TextConvertorTests.Convert_AttributeVariable_UnknownAttributeType_ReturnsDefaultValue" methodname="Convert_AttributeVariable_UnknownAttributeType_ReturnsDefaultValue" classname="TextConvertorTests" runstate="Runnable" seed="1346579928" result="Passed" start-time="2026-09-24 13:02:50Z" end-time="2026-09-24 13:02:50Z" duration="0.000178" asserts="0">
          <properties>
            <property name="retryIteration" value="0" />
            <property name="repeatIteration" value="0" />
          </properties>
        </test-case>
        <test-case id="2108" name="Convert_AttributeVariable_UnknownParam_ReturnsDefaultValue" fullname="TextConvertorTests.Convert_AttributeVariable_UnknownParam_ReturnsDefaultValue" methodname="Convert_AttributeVariable_UnknownParam_ReturnsDefaultValue" classname="TextConvertorTests" runstate="Runnable" seed="207441681" result="Passed" start-time="2026-09-24 13:02:50Z" end-time="2026-09-24 13:02:50Z" duration="0.000144" asserts="0">
          <properties>
            <property name="retryIteration" value="0" />
            <property name="repeatIteration" value="0" />
          </properties>
        </test-case>
        <test-case id="2111" name="Convert_DataVariable_ListIndex_ReturnsIndexedElement" fullname="TextConvertorTests.Convert_DataVariable_ListIndex_ReturnsIndexedElement" methodname="Convert_DataVariable_ListIndex_ReturnsIndexedElement" classname="TextConvertorTests" runstate="Runnable" seed="1839096314" result="Passed" start-time="2026-09-24 13:02:50Z" end-time="2026-09-24 13:02:50Z" duration="0.000308" asserts="0">
          <properties>
            <property name="retryIteration" value="0" />
            <property name="repeatIteration" value="0" />
          </properties>
        </test-case>
        <test-case id="2110" name="Convert_DataVariable_NestedField_ReturnsNestedFieldValue" fullname="TextConvertorTests.Convert_DataVariable_NestedField_ReturnsNestedFieldValue" methodname="Convert_DataVariable_NestedField_ReturnsNestedFieldValue" classname="TextConvertorTests" runstate="Runnable" seed="422176866" result="Passed" start-time="2026-09-24 13:02:50Z" end-time="2026-09-24 13:02:50Z" duration="0.000057" asserts="0">
          <properties>
            <property name="retryIteration" value="0" />
            <property name="repeatIteration" value="0" />
          </properties>
        </test-case>
        <test-case id="2112" name="Convert_DataVariable_NullData_ReturnsDefaultValue" fullname="TextConvertorTests.Convert_DataVariable_NullData_ReturnsDefaultValue" methodname="Convert_DataVariable_NullData_ReturnsDefaultValue" classname="TextConvertorTests" runstate="Runnable" seed="394241355" result="Passed" start-time="2026-09-24 13:02:50Z" end-time="2026-09-24 13:02:50Z" duration="0.000041" asserts="0">
          <properties>
            <property name="retryIteration" value="0" />
            <property name="repeatIteration" value="0" />
          </properties>
        </test-case>
        <test-case id="2109" name="Convert_DataVariable_SimpleField_ReturnsFieldValue" fullname="TextConvertorTests.Convert_DataVariable_SimpleField_ReturnsFieldValue" methodname="Convert_DataVariable_SimpleField_ReturnsFieldValue" classname="TextConvertorTests" runstate="Runnable" seed="1477240156" result="Passed" start-time="2026-09-24 13:02:50Z" end-time="2026-09-24 13:02:50Z" duration="0.000047" asserts="0">
          <properties>
            <property name="retryIteration" value="0" />
            <property name="repeatIteration" value="0" />
          </properties>
        </test-case>
        <test-case id="2113" name="Convert_DataVariable_UnknownField_ReturnsDefaultValue" fullname="TextConvertorTests.Convert_DataVariable_UnknownField_ReturnsDefaultValue" methodname="Convert_DataVariable_UnknownField_ReturnsDefaultValue" classname="TextConvertorTests" runstate="Runnable" seed="350506301" result="Passed" start-time="2026-09-24 13:02:50Z" end-time="2026-09-24 13:02:50Z" duration="0.000094" asserts="0">
          <properties>
            <property name="retryIteration" value="0" />
            <property name="repeatIteration" value="0" />
          </properties>
        </test-case>
        <test-case id="2097" name="Convert_EmptyDescription_ReturnsEmptyString" fullname="TextConvertorTests.Convert_EmptyDescription_ReturnsEmptyString" methodname="Convert_EmptyDescription_ReturnsEmptyString" classname="TextConvertorTests" runstate="Runnable" seed="430112106" result="Passed" start-time="2026-09-24 13:02:50Z" end-time="2026-09-24 13:02:50Z" duration="0.000038" asserts="0">
          <properties>
            <property name="retryIteration" value="0" />
            <property name="repeatIteration" value="0" />
          </properties>
        </test-case>
        <test-case id="2099" name="Convert_ExpressionInBrackets_IsEvaluatedAndReplaced" fullname="TextConvertorTests.Convert_ExpressionInBrackets_IsEvaluatedAndReplaced" methodname="Convert_ExpressionInBrackets_IsEvaluatedAndReplaced" classname="TextConvertorTests" runstate="Runnable" seed="1780046169" result="Passed" start-time="2026-09-24 13:02:50Z" end-time="2026-09-24 13:02:50Z" duration="0.002105" asserts="0">
          <properties>
            <property name="retryIteration" value="0" />
            <property name="repeatIteration" value="0" />
          </properties>
        </test-case>
        <test-case id="2100" name="Convert_ExpressionWithComma_IsTreatedAsDecimalSeparator" fullname="TextConvertorTests.Convert_ExpressionWithComma_IsTreatedAsDecimalSeparator" methodname="Convert_ExpressionWithComma_IsTreatedAsDecimalSeparator" classname="TextConvertorTests" runstate="Runnable" seed="277468045" result="Passed" start-time="2026-09-24 13:02:50Z" end-time="2026-09-24 13:02:50Z" duration="0.000070" asserts="0">
          <properties>
            <property name="retryIteration" value="0" />
            <property name="repeatIteration" value="0" />
          </properties>
        </test-case>
        <test-case id="2101" name="Convert_MultipleExpressions_EvaluatesEachIndependently" fullname="TextConvertorTests.Convert_MultipleExpressions_EvaluatesEachIndependently" methodname="Convert_MultipleExpressions_EvaluatesEachIndependently" classname="TextConvertorTests" runstate="Runnable" seed="745377767" result="Passed" start-time="2026-09-24 13:02:50Z" end-time="2026-09-24 13:02:50Z" duration="0.000073" asserts="0">
          <properties>
            <property name="retryIteration" value="0" />
            <property name="repeatIteration" value="0" />
          </properties>
        </test-case>
        <test-case id="2102" name="Convert_NestedBrackets_EvaluatesAsASingleExpression" fullname="TextConvertorTests.Convert_NestedBrackets_EvaluatesAsASingleExpression" methodname="Convert_NestedBrackets_EvaluatesAsASingleExpression" classname="TextConvertorTests" runstate="Runnable" seed="169088690" result="Passed" start-time="2026-09-24 13:02:50Z" end-time="2026-09-24 13:02:50Z" duration="0.000297" asserts="0">
          <properties>
            <property name="retryIteration" value="0" />
            <property name="repeatIteration" value="0" />
          </properties>
        </test-case>
        <test-case id="2096" name="Convert_NullDescription_ReturnsEmptyString" fullname="TextConvertorTests.Convert_NullDescription_ReturnsEmptyString" methodname="Convert_NullDescription_ReturnsEmptyString" classname="TextConvertorTests" runstate="Runnable" seed="1670134356" result="Passed" start-time="2026-09-24 13:02:50Z" end-time="2026-09-24 13:02:50Z" duration="0.000042" asserts="0">
          <properties>
            <property name="retryIteration" value="0" />
            <property name="repeatIteration" value="0" />
          </properties>
        </test-case>
        <test-case id="2098" name="Convert_PlainTextWithoutTokens_ReturnsUnchanged" fullname="TextConvertorTests.Convert_PlainTextWithoutTokens_ReturnsUnchanged" methodname="Convert_PlainTextWithoutTokens_ReturnsUnchanged" classname="TextConvertorTests" runstate="Runnable" seed="1831673251" result="Passed" start-time="2026-09-24 13:02:50Z" end-time="2026-09-24 13:02:50Z" duration="0.000042" asserts="0">
          <properties>
            <property name="retryIteration" value="0" />
            <property name="repeatIteration" value="0" />
          </properties>
        </test-case>
        <test-case id="2114" name="Convert_UnknownVariableType_ReturnsDefaultValue" fullname="TextConvertorTests.Convert_UnknownVariableType_ReturnsDefaultValue" methodname="Convert_UnknownVariableType_ReturnsDefaultValue" classname="TextConvertorTests" runstate="Runnable" seed="370878572" result="Passed" start-time="2026-09-24 13:02:50Z" end-time="2026-09-24 13:02:50Z" duration="0.000083" asserts="0">
          <properties>
            <property name="retryIteration" value="0" />
            <property name="repeatIteration" value="0" />
          </properties>
        </test-case>
        <test-case id="2115" name="Convert_VariableAndExpressionCombined_BothAreReplaced" fullname="TextConvertorTests.Convert_VariableAndExpressionCombined_BothAreReplaced" methodname="Convert_VariableAndExpressionCombined_BothAreReplaced" classname="TextConvertorTests" runstate="Runnable" seed="1499846020" result="Passed" start-time="2026-09-24 13:02:50Z" end-time="2026-09-24 13:02:50Z" duration="0.000071" asserts="0">
          <properties>
            <property name="retryIteration" value="0" />
            <property name="repeatIteration" value="0" />
          </properties>
        </test-case>
        <test-case id="2118" name="GetPropertyValue_ListIndex_ReturnsElementAtIndex" fullname="TextConvertorTests.GetPropertyValue_ListIndex_ReturnsElementAtIndex" methodname="GetPropertyValue_ListIndex_ReturnsElementAtIndex" classname="TextConvertorTests" runstate="Runnable" seed="1803214676" result="Passed" start-time="2026-09-24 13:02:50Z" end-time="2026-09-24 13:02:50Z" duration="0.000043" asserts="0">
          <properties>
            <property name="retryIteration" value="0" />
            <property name="repeatIteration" value="0" />
          </properties>
        </test-case>
        <test-case id="2117" name="GetPropertyValue_NestedField_ReturnsNestedValue" fullname="TextConvertorTests.GetPropertyValue_NestedField_ReturnsNestedValue" methodname="GetPropertyValue_NestedField_ReturnsNestedValue" classname="TextConvertorTests" runstate="Runnable" seed="23212126" result="Passed" start-time="2026-09-24 13:02:50Z" end-time="2026-09-24 13:02:50Z" duration="0.000040" asserts="0">
          <properties>
            <property name="retryIteration" value="0" />
            <property name="repeatIteration" value="0" />
          </properties>
        </test-case>
        <test-case id="2120" name="GetPropertyValue_NullObject_ReturnsNull" fullname="TextConvertorTests.GetPropertyValue_NullObject_ReturnsNull" methodname="GetPropertyValue_NullObject_ReturnsNull" classname="TextConvertorTests" runstate="Runnable" seed="1090648392" result="Passed" start-time="2026-09-24 13:02:50Z" end-time="2026-09-24 13:02:50Z" duration="0.000067" asserts="0">
          <properties>
            <property name="retryIteration" value="0" />
            <property name="repeatIteration" value="0" />
          </properties>
        </test-case>
        <test-case id="2116" name="GetPropertyValue_SimpleField_ReturnsValue" fullname="TextConvertorTests.GetPropertyValue_SimpleField_ReturnsValue" methodname="GetPropertyValue_SimpleField_ReturnsValue" classname="TextConvertorTests" runstate="Runnable" seed="2132743352" result="Passed" start-time="2026-09-24 13:02:50Z" end-time="2026-09-24 13:02:50Z" duration="0.000046" asserts="0">
          <properties>
            <property name="retryIteration" value="0" />
            <property name="repeatIteration" value="0" />
          </properties>
        </test-case>
        <test-case id="2119" name="GetPropertyValue_UnknownField_ReturnsNull" fullname="TextConvertorTests.GetPropertyValue_UnknownField_ReturnsNull" methodname="GetPropertyValue_UnknownField_ReturnsNull" classname="TextConvertorTests" runstate="Runnable" seed="1395077949" result="Passed" start-time="2026-09-24 13:02:50Z" end-time="2026-09-24 13:02:50Z" duration="0.000039" asserts="0">
          <properties>
            <property name="retryIteration" value="0" />
            <property name="repeatIteration" value="0" />
          </properties>
          <output><![CDATA[Saving results to: /Users/fc/Library/Application Support/DefaultCompany/TowerLike3D/TestResults.xml
]]></output>
        </test-case>
      </test-suite>
    </test-suite>
  </test-suite>
</test-run>