<?xml version="1.0" encoding="utf-8"?>
<test-run id="2" testcasecount="2" result="Passed" total="2" passed="2" failed="0" inconclusive="0" skipped="0" asserts="0" engine-version="3.5.0.0" clr-version="4.0.30319.42000" start-time="2026-09-24 13:04:58Z" end-time="2026-09-24 13:04:59Z" duration="0.7687541">
  <test-suite type="TestSuite" id="1000" name="TowerLike3D" fullname="TowerLike3D" runstate="Runnable" testcasecount="1167" result="Passed" start-time="2026-09-24 13:04:58Z" end-time="2026-09-24 13:04:59Z" duration="0.768754" total="2" passed="2" failed="0" inconclusive="0" skipped="0" asserts="0">
    <properties>
      <property name="platform" value="EditMode" />
    </properties>
    <test-suite type="Assembly" id="2382" name="HealerLike.Tests.EditMode.dll" fullname="/Users/fc/Documents/HealerLike-UIToolkit-20260924-130543/Library/ScriptAssemblies/HealerLike.Tests.EditMode.dll" runstate="Runnable" testcasecount="273" result="Passed" start-time="2026-09-24 13:04:58Z" end-time="2026-09-24 13:04:59Z" duration="0.725567" total="2" passed="2" failed="0" inconclusive="0" skipped="0" asserts="0">
      <properties>
        <property name="_PID" value="75828" />
        <property name="_APPDOMAIN" value="Unity Child Domain" />
        <property name="platform" value="EditMode" />
        <property name="EditorOnly" value="True" />
      </properties>
      <test-suite type="TestSuite" id="2383" name="HealerLike" fullname="HealerLike" runstate="Runnable" testcasecount="66" result="Passed" start-time="2026-09-24 13:04:58Z" end-time="2026-09-24 13:04:59Z" duration="0.704624" total="2" passed="2" failed="0" inconclusive="0" skipped="0" asserts="0">
        <properties />
        <test-suite type="TestSuite" id="2384" name="Tests" fullname="HealerLike.Tests" runstate="Runnable" testcasecount="7" result="Passed" start-time="2026-09-24 13:04:58Z" end-time="2026-09-24 13:04:59Z" duration="0.694836" total="2" passed="2" failed="0" inconclusive="0" skipped="0" asserts="0">
          <properties />
          <test-suite type="TestSuite" id="2385" name="ToolkitIntegration" fullname="HealerLike.Tests.ToolkitIntegration" runstate="Runnable" testcasecount="7" result="Passed" start-time="2026-09-24 13:04:58Z" end-time="2026-09-24 13:04:59Z" duration="0.690567" total="2" passed="2" failed="0" inconclusive="0" skipped="0" asserts="0">
            <properties />
            <test-suite type="TestFixture" id="2127" name="ToolkitSceneSmokeTests" fullname="HealerLike.Tests.ToolkitIntegration.ToolkitSceneSmokeTests" classname="HealerLike.Tests.ToolkitIntegration.ToolkitSceneSmokeTests" runstate="Runnable" testcasecount="2" result="Passed" start-time="2026-09-24 13:04:58Z" end-time="2026-09-24 13:04:59Z" duration="0.686210" total="2" passed="2" failed="0" inconclusive="0" skipped="0" asserts="0">
              <properties />
              <test-case id="2129" name="GameplayScene_StartButtonInitializesPartyAndSpells" fullname="HealerLike.Tests.ToolkitIntegration.ToolkitSceneSmokeTests.GameplayScene_StartButtonInitializesPartyAndSpells" methodname="GameplayScene_StartButtonInitializesPartyAndSpells" classname="HealerLike.Tests.ToolkitIntegration.ToolkitSceneSmokeTests" runstate="Runnable" seed="235576788" result="Passed" start-time="2026-09-24 13:04:47Z" end-time="2026-09-24 13:04:54Z" duration="6.846382" asserts="0">
                <properties>
                  <property name="_JOINTYPE" value="UnityCombinatorial" />
                </properties>
                <output><![CDATA[[GameManager] None -> StartGame
[AscensionGameType] None -> InitializeGame
[GameManager] StartGame -> Running
This AttributeType 'PercentArmor' doesn't exists in the AttributeManager, it's automatically added.
This AttributeType 'FlatArmor' doesn't exists in the AttributeManager, it's automatically added.
This AttributeType 'HitArmor' doesn't exists in the AttributeManager, it's automatically added.
This AttributeType 'Vulnerability' doesn't exists in the AttributeManager, it's automatically added.
This AttributeType 'CriticalChanceResist' doesn't exists in the AttributeManager, it's automatically added.
Not Enough inputs
[AscensionGameType] InitializeGame -> InitializeRound
This AttributeType 'PercentArmor' doesn't exists in the AttributeManager, it's automatically added.
This AttributeType 'FlatArmor' doesn't exists in the AttributeManager, it's automatically added.
This AttributeType 'HitArmor' doesn't exists in the AttributeManager, it's automatically added.
This AttributeType 'Vulnerability' doesn't exists in the AttributeManager, it's automatically added.
This AttributeType 'CriticalChanceResist' doesn't exists in the AttributeManager, it's automatically added.
This AttributeType 'PercentArmor' doesn't exists in the AttributeManager, it's automatically added.
This AttributeType 'FlatArmor' doesn't exists in the AttributeManager, it's automatically added.
This AttributeType 'HitArmor' doesn't exists in the AttributeManager, it's automatically added.
This AttributeType 'Vulnerability' doesn't exists in the AttributeManager, it's automatically added.
[AscensionGameType] InitializeRound -> WaitForRoundToStart
]]></output>
              </test-case>
              <test-case id="2128" name="MenuScene_StartNavigatesToToolkitGameplay" fullname="HealerLike.Tests.ToolkitIntegration.ToolkitSceneSmokeTests.MenuScene_StartNavigatesToToolkitGameplay" methodname="MenuScene_StartNavigatesToToolkitGameplay" classname="HealerLike.Tests.ToolkitIntegration.ToolkitSceneSmokeTests" runstate="Runnable" seed="1470364184" result="Passed" start-time="2026-09-24 13:04:54Z" end-time="2026-09-24 13:04:59Z" duration="4.978337" asserts="0">
                <properties>
                  <property name="_JOINTYPE" value="UnityCombinatorial" />
                  <property name="retryIteration" value="0" />
                  <property name="repeatIteration" value="0" />
                </properties>
                <output><![CDATA[Saving results to: /Users/fc/Library/Application Support/DefaultCompany/TowerLike3D/TestResults.xml
]]></output>
              </test-case>
            </test-suite>
          </test-suite>
        </test-suite>
      </test-suite>
    </test-suite>
  </test-suite>
</test-run>